#
# There is insufficient memory for the Java Runtime Environment to continue.
# Native memory allocation (malloc) failed to allocate 32744 bytes for ChunkPool::allocate
# Possible reasons:
#   The system is out of physical RAM or swap space
#   The process is running with CompressedOops enabled, and the Java Heap may be blocking the growth of the native heap
# Possible solutions:
#   Reduce memory load on the system
#   Increase physical memory or swap space
#   Check if swap backing store is full
#   Decrease Java heap size (-Xmx/-Xms)
#   Decrease number of Java threads
#   Decrease Java thread stack sizes (-Xss)
#   Set larger code cache with -XX:ReservedCodeCacheSize=
#   JVM is running with Unscaled Compressed Oops mode in which the Java heap is
#     placed in the first 4GB address space. The Java Heap base address is the
#     maximum limit for the native heap growth. Please use -XX:HeapBaseMinAddress
#     to set the Java Heap base and to place the Java Heap above 4GB virtual address.
# This output file may be truncated or incomplete.
#
#  Out of Memory Error (./open/src/hotspot/share/memory/arena.cpp:81), pid=210680, tid=395380
#
# JRE version: Java(TM) SE Runtime Environment 18.9 (11.0.13+10) (build 11.0.13+10-LTS-370)
# Java VM: Java HotSpot(TM) 64-Bit Server VM 18.9 (11.0.13+10-LTS-370, mixed mode, tiered, compressed oops, g1 gc, windows-amd64)
# No core dump will be written. Minidumps are not enabled by default on client versions of Windows
#

---------------  S U M M A R Y ------------

Command Line: -ea -Didea.test.cyclic.buffer.size=1048576 -javaagent:C:\Program Files\JetBrains\IntelliJ IDEA Community Edition 2021.3.3\lib\idea_rt.jar=64263:C:\Program Files\JetBrains\IntelliJ IDEA Community Edition 2021.3.3\bin -Dfile.encoding=UTF-8 com.intellij.rt.testng.RemoteTestNGStarter -usedefaultlisteners false -socket64262 @w@C:\Users\Admin\AppData\Local\Temp\idea_working_dirs_testng1.tmp -temp C:\Users\Admin\AppData\Local\Temp\idea_testng1.tmp

Host: Intel(R) Core(TM) i3-9100F CPU @ 3.60GHz, 4 cores, 7G,  Windows 10 , 64 bit Build 19041 (10.0.19041.1706)
Time: Sun May 29 14:18:53 2022 Pacific Daylight Time elapsed time: 1.453527 seconds (0d 0h 0m 1s)

---------------  T H R E A D  ---------------

Current thread (0x000001ac15f0b000):  JavaThread "C1 CompilerThread0" daemon [_thread_in_native, id=395380, stack(0x0000004abcf00000,0x0000004abd000000)]


Current CompileTask:
C1:   1453  856       3       java.net.URLStreamHandler::parseURL (1201 bytes)

Stack: [0x0000004abcf00000,0x0000004abd000000]
Native frames: (J=compiled Java code, j=interpreted, Vv=VM code, C=native code)
V  [jvm.dll+0x62870a]
V  [jvm.dll+0x761f2f]
V  [jvm.dll+0x7635d9]
V  [jvm.dll+0x763c63]
V  [jvm.dll+0x23d728]
V  [jvm.dll+0xb2b9b]
V  [jvm.dll+0xb2efc]
V  [jvm.dll+0x15c660]
V  [jvm.dll+0x15b075]
V  [jvm.dll+0x15b39a]
V  [jvm.dll+0x15ddb4]
V  [jvm.dll+0x1188f5]
V  [jvm.dll+0x11818f]
V  [jvm.dll+0x1183bf]
V  [jvm.dll+0x117667]
V  [jvm.dll+0x119537]
V  [jvm.dll+0x206d84]
V  [jvm.dll+0x204ebb]
V  [jvm.dll+0x727e70]
V  [jvm.dll+0x720a54]
V  [jvm.dll+0x627606]
C  [ucrtbase.dll+0x21bb2]
C  [KERNEL32.DLL+0x17034]
C  [ntdll.dll+0x52651]


---------------  P R O C E S S  ---------------

Threads class SMR info:
_java_thread_list=0x000001ac161deb30, length=11, elements={
0x000001ac77f95000, 0x000001ac15682800, 0x000001ac15eba800, 0x000001ac156ae000,
0x000001ac15f01800, 0x000001ac15f03800, 0x000001ac15f08000, 0x000001ac15f0b000,
0x000001ac15f71800, 0x000001ac16076000, 0x000001ac16276000
}

Java Threads: ( => current thread )
  0x000001ac77f95000 JavaThread "main" [_thread_in_Java, id=382056, stack(0x0000004abc200000,0x0000004abc300000)]
  0x000001ac15682800 JavaThread "Reference Handler" daemon [_thread_blocked, id=395892, stack(0x0000004abc900000,0x0000004abca00000)]
  0x000001ac15eba800 JavaThread "Finalizer" daemon [_thread_blocked, id=397636, stack(0x0000004abca00000,0x0000004abcb00000)]
  0x000001ac156ae000 JavaThread "Signal Dispatcher" daemon [_thread_blocked, id=399528, stack(0x0000004abcb00000,0x0000004abcc00000)]
  0x000001ac15f01800 JavaThread "Attach Listener" daemon [_thread_blocked, id=397008, stack(0x0000004abcc00000,0x0000004abcd00000)]
  0x000001ac15f03800 JavaThread "Service Thread" daemon [_thread_blocked, id=396416, stack(0x0000004abcd00000,0x0000004abce00000)]
  0x000001ac15f08000 JavaThread "C2 CompilerThread0" daemon [_thread_blocked, id=399576, stack(0x0000004abce00000,0x0000004abcf00000)]
=>0x000001ac15f0b000 JavaThread "C1 CompilerThread0" daemon [_thread_in_native, id=395380, stack(0x0000004abcf00000,0x0000004abd000000)]
  0x000001ac15f71800 JavaThread "Sweeper thread" daemon [_thread_blocked, id=389732, stack(0x0000004abd000000,0x0000004abd100000)]
  0x000001ac16076000 JavaThread "Common-Cleaner" daemon [_thread_blocked, id=399756, stack(0x0000004abd100000,0x0000004abd200000)]
  0x000001ac16276000 JavaThread "Monitor Ctrl-Break" daemon [_thread_in_native, id=398140, stack(0x0000004abd300000,0x0000004abd400000)]

Other Threads:
  0x000001ac156a8000 VMThread "VM Thread" [stack: 0x0000004abc800000,0x0000004abc900000] [id=397116]
  0x000001ac1627b800 WatcherThread [stack: 0x0000004abd400000,0x0000004abd500000] [id=396208]
  0x000001ac77fab000 GCTaskThread "GC Thread#0" [stack: 0x0000004abc300000,0x0000004abc400000] [id=279728]
  0x000001ac168ba800 GCTaskThread "GC Thread#1" [stack: 0x0000004abd200000,0x0000004abd300000] [id=396280]
  0x000001ac168bb000 GCTaskThread "GC Thread#2" [stack: 0x0000004abd500000,0x0000004abd600000] [id=389960]
  0x000001ac77fdb000 ConcurrentGCThread "G1 Main Marker" [stack: 0x0000004abc400000,0x0000004abc500000] [id=399436]
  0x000001ac77fdd800 ConcurrentGCThread "G1 Conc#0" [stack: 0x0000004abc500000,0x0000004abc600000] [id=398272]
  0x000001ac7806d000 ConcurrentGCThread "G1 Refine#0" [stack: 0x0000004abc600000,0x0000004abc700000] [id=217476]
  0x000001ac7806e800 ConcurrentGCThread "G1 Young RemSet Sampling" [stack: 0x0000004abc700000,0x0000004abc800000] [id=395356]

Threads with active compile tasks:
C1 CompilerThread0   1474  856       3       java.net.URLStreamHandler::parseURL (1201 bytes)

VM state:not at safepoint (normal execution)

VM Mutex/Monitor currently owned by a thread: None

Heap address: 0x0000000080c00000, size: 2036 MB, Compressed Oops mode: 32-bit
Narrow klass base: 0x0000000000000000, Narrow klass shift: 3
Compressed class space size: 1073741824 Address: 0x0000000100000000

Heap:
 garbage-first heap   total 131072K, used 3901K [0x0000000080c00000, 0x0000000100000000)
  region size 1024K, 3 young (3072K), 2 survivors (2048K)
 Metaspace       used 11383K, capacity 11566K, committed 11776K, reserved 1067008K
  class space    used 1127K, capacity 1182K, committed 1280K, reserved 1048576K
Heap Regions: E=young(eden), S=young(survivor), O=old, HS=humongous(starts), HC=humongous(continues), CS=collection set, F=free, A=archive, TAMS=top-at-mark-start (previous, next)
|   0|0x0000000080c00000, 0x0000000080d00000, 0x0000000080d00000|100%| O|  |TAMS 0x0000000080d00000, 0x0000000080c00000| Untracked 
|   1|0x0000000080d00000, 0x0000000080dcf600, 0x0000000080e00000| 81%| O|  |TAMS 0x0000000080dcf600, 0x0000000080d00000| Untracked 
|   2|0x0000000080e00000, 0x0000000080e00000, 0x0000000080f00000|  0%| F|  |TAMS 0x0000000080e00000, 0x0000000080e00000| Untracked 
|   3|0x0000000080f00000, 0x0000000080f00000, 0x0000000081000000|  0%| F|  |TAMS 0x0000000080f00000, 0x0000000080f00000| Untracked 
|   4|0x0000000081000000, 0x0000000081000000, 0x0000000081100000|  0%| F|  |TAMS 0x0000000081000000, 0x0000000081000000| Untracked 
|   5|0x0000000081100000, 0x0000000081100000, 0x0000000081200000|  0%| F|  |TAMS 0x0000000081100000, 0x0000000081100000| Untracked 
|   6|0x0000000081200000, 0x0000000081200000, 0x0000000081300000|  0%| F|  |TAMS 0x0000000081200000, 0x0000000081200000| Untracked 
|   7|0x0000000081300000, 0x0000000081300000, 0x0000000081400000|  0%| F|  |TAMS 0x0000000081300000, 0x0000000081300000| Untracked 
|   8|0x0000000081400000, 0x0000000081400000, 0x0000000081500000|  0%| F|  |TAMS 0x0000000081400000, 0x0000000081400000| Untracked 
|   9|0x0000000081500000, 0x0000000081500000, 0x0000000081600000|  0%| F|  |TAMS 0x0000000081500000, 0x0000000081500000| Untracked 
|  10|0x0000000081600000, 0x0000000081600000, 0x0000000081700000|  0%| F|  |TAMS 0x0000000081600000, 0x0000000081600000| Untracked 
|  11|0x0000000081700000, 0x0000000081700000, 0x0000000081800000|  0%| F|  |TAMS 0x0000000081700000, 0x0000000081700000| Untracked 
|  12|0x0000000081800000, 0x0000000081800000, 0x0000000081900000|  0%| F|  |TAMS 0x0000000081800000, 0x0000000081800000| Untracked 
|  13|0x0000000081900000, 0x0000000081900000, 0x0000000081a00000|  0%| F|  |TAMS 0x0000000081900000, 0x0000000081900000| Untracked 
|  14|0x0000000081a00000, 0x0000000081a00000, 0x0000000081b00000|  0%| F|  |TAMS 0x0000000081a00000, 0x0000000081a00000| Untracked 
|  15|0x0000000081b00000, 0x0000000081b00000, 0x0000000081c00000|  0%| F|  |TAMS 0x0000000081b00000, 0x0000000081b00000| Untracked 
|  16|0x0000000081c00000, 0x0000000081c00000, 0x0000000081d00000|  0%| F|  |TAMS 0x0000000081c00000, 0x0000000081c00000| Untracked 
|  17|0x0000000081d00000, 0x0000000081d00000, 0x0000000081e00000|  0%| F|  |TAMS 0x0000000081d00000, 0x0000000081d00000| Untracked 
|  18|0x0000000081e00000, 0x0000000081e00000, 0x0000000081f00000|  0%| F|  |TAMS 0x0000000081e00000, 0x0000000081e00000| Untracked 
|  19|0x0000000081f00000, 0x0000000081f00000, 0x0000000082000000|  0%| F|  |TAMS 0x0000000081f00000, 0x0000000081f00000| Untracked 
|  20|0x0000000082000000, 0x0000000082000000, 0x0000000082100000|  0%| F|  |TAMS 0x0000000082000000, 0x0000000082000000| Untracked 
|  21|0x0000000082100000, 0x0000000082100000, 0x0000000082200000|  0%| F|  |TAMS 0x0000000082100000, 0x0000000082100000| Untracked 
|  22|0x0000000082200000, 0x0000000082200000, 0x0000000082300000|  0%| F|  |TAMS 0x0000000082200000, 0x0000000082200000| Untracked 
|  23|0x0000000082300000, 0x0000000082300000, 0x0000000082400000|  0%| F|  |TAMS 0x0000000082300000, 0x0000000082300000| Untracked 
|  24|0x0000000082400000, 0x0000000082400000, 0x0000000082500000|  0%| F|  |TAMS 0x0000000082400000, 0x0000000082400000| Untracked 
|  25|0x0000000082500000, 0x0000000082500000, 0x0000000082600000|  0%| F|  |TAMS 0x0000000082500000, 0x0000000082500000| Untracked 
|  26|0x0000000082600000, 0x0000000082600000, 0x0000000082700000|  0%| F|  |TAMS 0x0000000082600000, 0x0000000082600000| Untracked 
|  27|0x0000000082700000, 0x0000000082700000, 0x0000000082800000|  0%| F|  |TAMS 0x0000000082700000, 0x0000000082700000| Untracked 
|  28|0x0000000082800000, 0x0000000082800000, 0x0000000082900000|  0%| F|  |TAMS 0x0000000082800000, 0x0000000082800000| Untracked 
|  29|0x0000000082900000, 0x0000000082900000, 0x0000000082a00000|  0%| F|  |TAMS 0x0000000082900000, 0x0000000082900000| Untracked 
|  30|0x0000000082a00000, 0x0000000082a00000, 0x0000000082b00000|  0%| F|  |TAMS 0x0000000082a00000, 0x0000000082a00000| Untracked 
|  31|0x0000000082b00000, 0x0000000082b00000, 0x0000000082c00000|  0%| F|  |TAMS 0x0000000082b00000, 0x0000000082b00000| Untracked 
|  32|0x0000000082c00000, 0x0000000082c00000, 0x0000000082d00000|  0%| F|  |TAMS 0x0000000082c00000, 0x0000000082c00000| Untracked 
|  33|0x0000000082d00000, 0x0000000082d00000, 0x0000000082e00000|  0%| F|  |TAMS 0x0000000082d00000, 0x0000000082d00000| Untracked 
|  34|0x0000000082e00000, 0x0000000082e00000, 0x0000000082f00000|  0%| F|  |TAMS 0x0000000082e00000, 0x0000000082e00000| Untracked 
|  35|0x0000000082f00000, 0x0000000082f00000, 0x0000000083000000|  0%| F|  |TAMS 0x0000000082f00000, 0x0000000082f00000| Untracked 
|  36|0x0000000083000000, 0x0000000083000000, 0x0000000083100000|  0%| F|  |TAMS 0x0000000083000000, 0x0000000083000000| Untracked 
|  37|0x0000000083100000, 0x0000000083100000, 0x0000000083200000|  0%| F|  |TAMS 0x0000000083100000, 0x0000000083100000| Untracked 
|  38|0x0000000083200000, 0x0000000083200000, 0x0000000083300000|  0%| F|  |TAMS 0x0000000083200000, 0x0000000083200000| Untracked 
|  39|0x0000000083300000, 0x0000000083300000, 0x0000000083400000|  0%| F|  |TAMS 0x0000000083300000, 0x0000000083300000| Untracked 
|  40|0x0000000083400000, 0x0000000083400000, 0x0000000083500000|  0%| F|  |TAMS 0x0000000083400000, 0x0000000083400000| Untracked 
|  41|0x0000000083500000, 0x0000000083500000, 0x0000000083600000|  0%| F|  |TAMS 0x0000000083500000, 0x0000000083500000| Untracked 
|  42|0x0000000083600000, 0x0000000083600000, 0x0000000083700000|  0%| F|  |TAMS 0x0000000083600000, 0x0000000083600000| Untracked 
|  43|0x0000000083700000, 0x0000000083700000, 0x0000000083800000|  0%| F|  |TAMS 0x0000000083700000, 0x0000000083700000| Untracked 
|  44|0x0000000083800000, 0x0000000083800000, 0x0000000083900000|  0%| F|  |TAMS 0x0000000083800000, 0x0000000083800000| Untracked 
|  45|0x0000000083900000, 0x0000000083900000, 0x0000000083a00000|  0%| F|  |TAMS 0x0000000083900000, 0x0000000083900000| Untracked 
|  46|0x0000000083a00000, 0x0000000083a00000, 0x0000000083b00000|  0%| F|  |TAMS 0x0000000083a00000, 0x0000000083a00000| Untracked 
|  47|0x0000000083b00000, 0x0000000083b00000, 0x0000000083c00000|  0%| F|  |TAMS 0x0000000083b00000, 0x0000000083b00000| Untracked 
|  48|0x0000000083c00000, 0x0000000083c00000, 0x0000000083d00000|  0%| F|  |TAMS 0x0000000083c00000, 0x0000000083c00000| Untracked 
|  49|0x0000000083d00000, 0x0000000083d00000, 0x0000000083e00000|  0%| F|  |TAMS 0x0000000083d00000, 0x0000000083d00000| Untracked 
|  50|0x0000000083e00000, 0x0000000083e00000, 0x0000000083f00000|  0%| F|  |TAMS 0x0000000083e00000, 0x0000000083e00000| Untracked 
|  51|0x0000000083f00000, 0x0000000083f00000, 0x0000000084000000|  0%| F|  |TAMS 0x0000000083f00000, 0x0000000083f00000| Untracked 
|  52|0x0000000084000000, 0x0000000084000000, 0x0000000084100000|  0%| F|  |TAMS 0x0000000084000000, 0x0000000084000000| Untracked 
|  53|0x0000000084100000, 0x0000000084100000, 0x0000000084200000|  0%| F|  |TAMS 0x0000000084100000, 0x0000000084100000| Untracked 
|  54|0x0000000084200000, 0x0000000084200000, 0x0000000084300000|  0%| F|  |TAMS 0x0000000084200000, 0x0000000084200000| Untracked 
|  55|0x0000000084300000, 0x0000000084300000, 0x0000000084400000|  0%| F|  |TAMS 0x0000000084300000, 0x0000000084300000| Untracked 
|  56|0x0000000084400000, 0x0000000084400000, 0x0000000084500000|  0%| F|  |TAMS 0x0000000084400000, 0x0000000084400000| Untracked 
|  57|0x0000000084500000, 0x0000000084500000, 0x0000000084600000|  0%| F|  |TAMS 0x0000000084500000, 0x0000000084500000| Untracked 
|  58|0x0000000084600000, 0x0000000084600000, 0x0000000084700000|  0%| F|  |TAMS 0x0000000084600000, 0x0000000084600000| Untracked 
|  59|0x0000000084700000, 0x0000000084700000, 0x0000000084800000|  0%| F|  |TAMS 0x0000000084700000, 0x0000000084700000| Untracked 
|  60|0x0000000084800000, 0x0000000084800000, 0x0000000084900000|  0%| F|  |TAMS 0x0000000084800000, 0x0000000084800000| Untracked 
|  61|0x0000000084900000, 0x0000000084900000, 0x0000000084a00000|  0%| F|  |TAMS 0x0000000084900000, 0x0000000084900000| Untracked 
|  62|0x0000000084a00000, 0x0000000084a00000, 0x0000000084b00000|  0%| F|  |TAMS 0x0000000084a00000, 0x0000000084a00000| Untracked 
|  63|0x0000000084b00000, 0x0000000084b00000, 0x0000000084c00000|  0%| F|  |TAMS 0x0000000084b00000, 0x0000000084b00000| Untracked 
|  64|0x0000000084c00000, 0x0000000084c00000, 0x0000000084d00000|  0%| F|  |TAMS 0x0000000084c00000, 0x0000000084c00000| Untracked 
|  65|0x0000000084d00000, 0x0000000084d00000, 0x0000000084e00000|  0%| F|  |TAMS 0x0000000084d00000, 0x0000000084d00000| Untracked 
|  66|0x0000000084e00000, 0x0000000084e00000, 0x0000000084f00000|  0%| F|  |TAMS 0x0000000084e00000, 0x0000000084e00000| Untracked 
|  67|0x0000000084f00000, 0x0000000084f00000, 0x0000000085000000|  0%| F|  |TAMS 0x0000000084f00000, 0x0000000084f00000| Untracked 
|  68|0x0000000085000000, 0x0000000085000000, 0x0000000085100000|  0%| F|  |TAMS 0x0000000085000000, 0x0000000085000000| Untracked 
|  69|0x0000000085100000, 0x0000000085100000, 0x0000000085200000|  0%| F|  |TAMS 0x0000000085100000, 0x0000000085100000| Untracked 
|  70|0x0000000085200000, 0x0000000085200000, 0x0000000085300000|  0%| F|  |TAMS 0x0000000085200000, 0x0000000085200000| Untracked 
|  71|0x0000000085300000, 0x0000000085300000, 0x0000000085400000|  0%| F|  |TAMS 0x0000000085300000, 0x0000000085300000| Untracked 
|  72|0x0000000085400000, 0x0000000085400000, 0x0000000085500000|  0%| F|  |TAMS 0x0000000085400000, 0x0000000085400000| Untracked 
|  73|0x0000000085500000, 0x0000000085500000, 0x0000000085600000|  0%| F|  |TAMS 0x0000000085500000, 0x0000000085500000| Untracked 
|  74|0x0000000085600000, 0x0000000085600000, 0x0000000085700000|  0%| F|  |TAMS 0x0000000085600000, 0x0000000085600000| Untracked 
|  75|0x0000000085700000, 0x0000000085700000, 0x0000000085800000|  0%| F|  |TAMS 0x0000000085700000, 0x0000000085700000| Untracked 
|  76|0x0000000085800000, 0x0000000085800000, 0x0000000085900000|  0%| F|  |TAMS 0x0000000085800000, 0x0000000085800000| Untracked 
|  77|0x0000000085900000, 0x0000000085900000, 0x0000000085a00000|  0%| F|  |TAMS 0x0000000085900000, 0x0000000085900000| Untracked 
|  78|0x0000000085a00000, 0x0000000085a00000, 0x0000000085b00000|  0%| F|  |TAMS 0x0000000085a00000, 0x0000000085a00000| Untracked 
|  79|0x0000000085b00000, 0x0000000085b00000, 0x0000000085c00000|  0%| F|  |TAMS 0x0000000085b00000, 0x0000000085b00000| Untracked 
|  80|0x0000000085c00000, 0x0000000085c00000, 0x0000000085d00000|  0%| F|  |TAMS 0x0000000085c00000, 0x0000000085c00000| Untracked 
|  81|0x0000000085d00000, 0x0000000085d00000, 0x0000000085e00000|  0%| F|  |TAMS 0x0000000085d00000, 0x0000000085d00000| Untracked 
|  82|0x0000000085e00000, 0x0000000085e00000, 0x0000000085f00000|  0%| F|  |TAMS 0x0000000085e00000, 0x0000000085e00000| Untracked 
|  83|0x0000000085f00000, 0x0000000085f00000, 0x0000000086000000|  0%| F|  |TAMS 0x0000000085f00000, 0x0000000085f00000| Untracked 
|  84|0x0000000086000000, 0x0000000086000000, 0x0000000086100000|  0%| F|  |TAMS 0x0000000086000000, 0x0000000086000000| Untracked 
|  85|0x0000000086100000, 0x0000000086100000, 0x0000000086200000|  0%| F|  |TAMS 0x0000000086100000, 0x0000000086100000| Untracked 
|  86|0x0000000086200000, 0x0000000086200000, 0x0000000086300000|  0%| F|  |TAMS 0x0000000086200000, 0x0000000086200000| Untracked 
|  87|0x0000000086300000, 0x0000000086300000, 0x0000000086400000|  0%| F|  |TAMS 0x0000000086300000, 0x0000000086300000| Untracked 
|  88|0x0000000086400000, 0x0000000086400000, 0x0000000086500000|  0%| F|  |TAMS 0x0000000086400000, 0x0000000086400000| Untracked 
|  89|0x0000000086500000, 0x0000000086500000, 0x0000000086600000|  0%| F|  |TAMS 0x0000000086500000, 0x0000000086500000| Untracked 
|  90|0x0000000086600000, 0x0000000086600000, 0x0000000086700000|  0%| F|  |TAMS 0x0000000086600000, 0x0000000086600000| Untracked 
|  91|0x0000000086700000, 0x0000000086700000, 0x0000000086800000|  0%| F|  |TAMS 0x0000000086700000, 0x0000000086700000| Untracked 
|  92|0x0000000086800000, 0x0000000086800000, 0x0000000086900000|  0%| F|  |TAMS 0x0000000086800000, 0x0000000086800000| Untracked 
|  93|0x0000000086900000, 0x0000000086900000, 0x0000000086a00000|  0%| F|  |TAMS 0x0000000086900000, 0x0000000086900000| Untracked 
|  94|0x0000000086a00000, 0x0000000086a00000, 0x0000000086b00000|  0%| F|  |TAMS 0x0000000086a00000, 0x0000000086a00000| Untracked 
|  95|0x0000000086b00000, 0x0000000086b00000, 0x0000000086c00000|  0%| F|  |TAMS 0x0000000086b00000, 0x0000000086b00000| Untracked 
|  96|0x0000000086c00000, 0x0000000086c00000, 0x0000000086d00000|  0%| F|  |TAMS 0x0000000086c00000, 0x0000000086c00000| Untracked 
|  97|0x0000000086d00000, 0x0000000086d00000, 0x0000000086e00000|  0%| F|  |TAMS 0x0000000086d00000, 0x0000000086d00000| Untracked 
|  98|0x0000000086e00000, 0x0000000086e00000, 0x0000000086f00000|  0%| F|  |TAMS 0x0000000086e00000, 0x0000000086e00000| Untracked 
|  99|0x0000000086f00000, 0x0000000086f00000, 0x0000000087000000|  0%| F|  |TAMS 0x0000000086f00000, 0x0000000086f00000| Untracked 
| 100|0x0000000087000000, 0x0000000087000000, 0x0000000087100000|  0%| F|  |TAMS 0x0000000087000000, 0x0000000087000000| Untracked 
| 101|0x0000000087100000, 0x0000000087100000, 0x0000000087200000|  0%| F|  |TAMS 0x0000000087100000, 0x0000000087100000| Untracked 
| 102|0x0000000087200000, 0x0000000087200000, 0x0000000087300000|  0%| F|  |TAMS 0x0000000087200000, 0x0000000087200000| Untracked 
| 103|0x0000000087300000, 0x0000000087300000, 0x0000000087400000|  0%| F|  |TAMS 0x0000000087300000, 0x0000000087300000| Untracked 
| 104|0x0000000087400000, 0x0000000087400000, 0x0000000087500000|  0%| F|  |TAMS 0x0000000087400000, 0x0000000087400000| Untracked 
| 105|0x0000000087500000, 0x0000000087500000, 0x0000000087600000|  0%| F|  |TAMS 0x0000000087500000, 0x0000000087500000| Untracked 
| 106|0x0000000087600000, 0x0000000087600000, 0x0000000087700000|  0%| F|  |TAMS 0x0000000087600000, 0x0000000087600000| Untracked 
| 107|0x0000000087700000, 0x0000000087700000, 0x0000000087800000|  0%| F|  |TAMS 0x0000000087700000, 0x0000000087700000| Untracked 
| 108|0x0000000087800000, 0x0000000087800000, 0x0000000087900000|  0%| F|  |TAMS 0x0000000087800000, 0x0000000087800000| Untracked 
| 109|0x0000000087900000, 0x0000000087900000, 0x0000000087a00000|  0%| F|  |TAMS 0x0000000087900000, 0x0000000087900000| Untracked 
| 110|0x0000000087a00000, 0x0000000087a00000, 0x0000000087b00000|  0%| F|  |TAMS 0x0000000087a00000, 0x0000000087a00000| Untracked 
| 111|0x0000000087b00000, 0x0000000087b00000, 0x0000000087c00000|  0%| F|  |TAMS 0x0000000087b00000, 0x0000000087b00000| Untracked 
| 112|0x0000000087c00000, 0x0000000087c00000, 0x0000000087d00000|  0%| F|  |TAMS 0x0000000087c00000, 0x0000000087c00000| Untracked 
| 113|0x0000000087d00000, 0x0000000087d00000, 0x0000000087e00000|  0%| F|  |TAMS 0x0000000087d00000, 0x0000000087d00000| Untracked 
| 114|0x0000000087e00000, 0x0000000087f00000, 0x0000000087f00000|100%| S|CS|TAMS 0x0000000087e00000, 0x0000000087e00000| Complete 
| 115|0x0000000087f00000, 0x0000000088000000, 0x0000000088000000|100%| S|CS|TAMS 0x0000000087f00000, 0x0000000087f00000| Complete 
| 116|0x0000000088000000, 0x0000000088000000, 0x0000000088100000|  0%| F|  |TAMS 0x0000000088000000, 0x0000000088000000| Untracked 
| 117|0x0000000088100000, 0x0000000088100000, 0x0000000088200000|  0%| F|  |TAMS 0x0000000088100000, 0x0000000088100000| Untracked 
| 118|0x0000000088200000, 0x0000000088200000, 0x0000000088300000|  0%| F|  |TAMS 0x0000000088200000, 0x0000000088200000| Untracked 
| 119|0x0000000088300000, 0x0000000088300000, 0x0000000088400000|  0%| F|  |TAMS 0x0000000088300000, 0x0000000088300000| Untracked 
| 120|0x0000000088400000, 0x0000000088400000, 0x0000000088500000|  0%| F|  |TAMS 0x0000000088400000, 0x0000000088400000| Untracked 
| 121|0x0000000088500000, 0x0000000088500000, 0x0000000088600000|  0%| F|  |TAMS 0x0000000088500000, 0x0000000088500000| Untracked 
| 122|0x0000000088600000, 0x0000000088600000, 0x0000000088700000|  0%| F|  |TAMS 0x0000000088600000, 0x0000000088600000| Untracked 
| 123|0x0000000088700000, 0x0000000088700000, 0x0000000088800000|  0%| F|  |TAMS 0x0000000088700000, 0x0000000088700000| Untracked 
| 124|0x0000000088800000, 0x0000000088800000, 0x0000000088900000|  0%| F|  |TAMS 0x0000000088800000, 0x0000000088800000| Untracked 
| 125|0x0000000088900000, 0x0000000088900000, 0x0000000088a00000|  0%| F|  |TAMS 0x0000000088900000, 0x0000000088900000| Untracked 
| 126|0x0000000088a00000, 0x0000000088a00000, 0x0000000088b00000|  0%| F|  |TAMS 0x0000000088a00000, 0x0000000088a00000| Untracked 
| 127|0x0000000088b00000, 0x0000000088c00000, 0x0000000088c00000|100%| E|  |TAMS 0x0000000088b00000, 0x0000000088b00000| Complete 

Card table byte_map: [0x000001ac7f9c0000,0x000001ac7fdc0000] _byte_map_base: 0x000001ac7f5ba000

Marking Bits (Prev, Next): (CMBitMap*) 0x000001ac77fd2230, (CMBitMap*) 0x000001ac77fd21f8
 Prev Bits: [0x000001ac113d0000, 0x000001ac133a0000)
 Next Bits: [0x000001ac0f400000, 0x000001ac113d0000)

Polling page: 0x000001ac75df0000

Metaspace:

Usage:
  Non-class:     10.20 MB capacity,    10.08 MB ( 99%) used,   105.95 KB (  1%) free+waste,    17.56 KB ( <1%) overhead. 
      Class:      1.19 MB capacity,     1.10 MB ( 93%) used,    74.59 KB (  6%) free+waste,     8.81 KB ( <1%) overhead. 
       Both:     11.39 MB capacity,    11.19 MB ( 98%) used,   180.54 KB (  2%) free+waste,    26.38 KB ( <1%) overhead. 

Virtual space:
  Non-class space:       18.00 MB reserved,      10.25 MB ( 57%) committed 
      Class space:        1.00 GB reserved,       1.25 MB ( <1%) committed 
             Both:        1.02 GB reserved,      11.50 MB (  1%) committed 

Chunk freelists:
   Non-Class:  6.00 KB
       Class:  256 bytes
        Both:  6.25 KB

CodeHeap 'non-profiled nmethods': size=120064Kb used=252Kb max_used=252Kb free=119811Kb
 bounds [0x000001ac07ac0000, 0x000001ac07d30000, 0x000001ac0f000000]
CodeHeap 'profiled nmethods': size=120000Kb used=1359Kb max_used=1359Kb free=118640Kb
 bounds [0x000001ac00590000, 0x000001ac00800000, 0x000001ac07ac0000]
CodeHeap 'non-nmethods': size=5696Kb used=1092Kb max_used=1103Kb free=4603Kb
 bounds [0x000001ac00000000, 0x000001ac00270000, 0x000001ac00590000]
 total_blobs=1251 nmethods=865 adapters=296
 compilation: enabled
              stopped_count=0, restarted_count=0
 full_count=0

Compilation events (10 events):
Event: 1.441 Thread 0x000001ac15f0b000 nmethod 852 0x000001ac006e2f90 code [0x000001ac006e3140, 0x000001ac006e3398]
Event: 1.441 Thread 0x000001ac15f0b000  853       3       java.util.Optional::empty (6 bytes)
Event: 1.441 Thread 0x000001ac15f0b000 nmethod 853 0x000001ac006e3490 code [0x000001ac006e3620, 0x000001ac006e3718]
Event: 1.441 Thread 0x000001ac15f0b000  854       3       java.net.URL::toString (5 bytes)
Event: 1.442 Thread 0x000001ac15f0b000 nmethod 854 0x000001ac006e3790 code [0x000001ac006e3940, 0x000001ac006e3b68]
Event: 1.442 Thread 0x000001ac15f0b000  856       3       java.net.URLStreamHandler::parseURL (1201 bytes)
Event: 1.443 Thread 0x000001ac15f08000 nmethod 850 0x000001ac07afce10 code [0x000001ac07afcfa0, 0x000001ac07afd1b8]
Event: 1.449 Thread 0x000001ac15f08000  867       4       java.lang.invoke.MethodType::parameterCount (6 bytes)
Event: 1.450 Thread 0x000001ac15f08000 nmethod 867 0x000001ac07afe490 code [0x000001ac07afe600, 0x000001ac07afe678]
Event: 1.451 Thread 0x000001ac15f08000  870       4       java.lang.StringUTF16::compress (50 bytes)

GC Heap History (0 events):
No events

Deoptimization events (8 events):
Event: 0.188 Thread 0x000001ac77f95000 Uncommon trap: reason=unstable_if action=reinterpret pc=0x000001ac07ac5858 method=java.lang.String.isLatin1()Z @ 10 c2
Event: 0.204 Thread 0x000001ac77f95000 Uncommon trap: reason=unstable_if action=reinterpret pc=0x000001ac07ac12f0 method=java.lang.String.isLatin1()Z @ 10 c2
Event: 1.095 Thread 0x000001ac77f95000 Uncommon trap: reason=unstable_if action=reinterpret pc=0x000001ac07acd98c method=java.util.HashMap.putVal(ILjava/lang/Object;Ljava/lang/Object;ZZ)Ljava/lang/Object; @ 181 c2
Event: 1.121 Thread 0x000001ac77f95000 Uncommon trap: reason=unstable_if action=reinterpret pc=0x000001ac07ad6f10 method=java.util.zip.ZipFile$Source.isMetaName([BII)Z @ 43 c2
Event: 1.190 Thread 0x000001ac77f95000 Uncommon trap: reason=bimorphic_or_optimized_type_check action=maybe_recompile pc=0x000001ac07ae35a8 method=java.util.HashMap.getNode(ILjava/lang/Object;)Ljava/util/HashMap$Node; @ 59 c2
Event: 1.256 Thread 0x000001ac77f95000 Uncommon trap: reason=unstable_if action=reinterpret pc=0x000001ac07ad8360 method=java.io.WinNTFileSystem.isSlash(C)Z @ 9 c2
Event: 1.256 Thread 0x000001ac77f95000 Uncommon trap: reason=bimorphic_or_optimized_type_check action=maybe_recompile pc=0x000001ac07ae35a8 method=java.util.HashMap.getNode(ILjava/lang/Object;)Ljava/util/HashMap$Node; @ 59 c2
Event: 1.268 Thread 0x000001ac77f95000 Uncommon trap: reason=bimorphic_or_optimized_type_check action=maybe_recompile pc=0x000001ac07ae35a8 method=java.util.HashMap.getNode(ILjava/lang/Object;)Ljava/util/HashMap$Node; @ 59 c2

Classes redefined (0 events):
No events

Internal exceptions (10 events):
Event: 1.140 Thread 0x000001ac77f95000 Exception <a 'java/lang/NoSuchMethodError'{0x0000000088558838}: java.lang.invoke.DirectMethodHandle$Holder.invokeStaticInit(Ljava/lang/Object;Ljava/lang/Object;)I> (0x0000000088558838) thrown at [./open/src/hotspot/share/interpreter/linkResolver.cpp, line
Event: 1.224 Thread 0x000001ac77f95000 Exception <a 'java/lang/NoSuchMethodError'{0x00000000883b1ea0}: java.lang.invoke.DirectMethodHandle$Holder.invokeStatic(Ljava/lang/Object;Ljava/lang/Object;Ljava/lang/Object;Ljava/lang/Object;Ljava/lang/Object;Ljava/lang/Object;Ljava/lang/Object;Ljava/lan
Event: 1.225 Thread 0x000001ac77f95000 Exception <a 'java/lang/NoSuchMethodError'{0x00000000883bfc00}: java.lang.invoke.DirectMethodHandle$Holder.invokeStatic(Ljava/lang/Object;Ljava/lang/Object;Ljava/lang/Object;Ljava/lang/Object;Ljava/lang/Object;Ljava/lang/Object;Ljava/lang/Object;Ljava/lan
Event: 1.226 Thread 0x000001ac77f95000 Exception <a 'java/lang/NoSuchMethodError'{0x00000000883ceda8}: java.lang.invoke.DirectMethodHandle$Holder.invokeSpecial(Ljava/lang/Object;Ljava/lang/Object;IILjava/lang/Object;Ljava/lang/Object;Ljava/lang/Object;)Ljava/lang/Object;> (0x00000000883ceda8) 
Event: 1.227 Thread 0x000001ac77f95000 Exception <a 'java/lang/NoSuchMethodError'{0x00000000883d2330}: java.lang.invoke.DelegatingMethodHandle$Holder.reinvoke_L(Ljava/lang/Object;IILjava/lang/Object;Ljava/lang/Object;Ljava/lang/Object;)Ljava/lang/Object;> (0x00000000883d2330) thrown at [./open
Event: 1.227 Thread 0x000001ac77f95000 Exception <a 'java/lang/NoSuchMethodError'{0x00000000883d6508}: java.lang.invoke.DirectMethodHandle$Holder.invokeStatic(Ljava/lang/Object;Ljava/lang/Object;Ljava/lang/Object;Ljava/lang/Object;I)Ljava/lang/Object;> (0x00000000883d6508) thrown at [./open/sr
Event: 1.248 Thread 0x000001ac77f95000 Exception <a 'java/lang/ClassNotFoundException'{0x000000008826f3c8}: com/sun/org/apache/xerces/internal/impl/msg/spi/SAXMessagesProvider> (0x000000008826f3c8) thrown at [./open/src/hotspot/share/classfile/systemDictionary.cpp, line 227]
Event: 1.278 Thread 0x000001ac77f95000 Exception <a 'java/lang/NoSuchMethodError'{0x0000000088130268}: java.lang.invoke.DirectMethodHandle$Holder.invokeStaticInit(Ljava/lang/Object;IIII)Ljava/lang/Object;> (0x0000000088130268) thrown at [./open/src/hotspot/share/interpreter/linkResolver.cpp, l
Event: 1.430 Thread 0x000001ac77f95000 Exception <a 'java/lang/NoSuchMethodError'{0x0000000088165340}: java.lang.invoke.DirectMethodHandle$Holder.invokeStaticInit(Ljava/lang/Object;Ljava/lang/Object;IIII)Ljava/lang/Object;> (0x0000000088165340) thrown at [./open/src/hotspot/share/interpreter/l
Event: 1.447 Thread 0x000001ac77f95000 Exception <a 'java/lang/NoSuchMethodError'{0x000000008800b780}: java.lang.invoke.DirectMethodHandle$Holder.invokeInterface(Ljava/lang/Object;Ljava/lang/Object;)I> (0x000000008800b780) thrown at [./open/src/hotspot/share/interpreter/linkResolver.cpp, line 

Events (10 events):
Event: 1.451 loading class org/testng/internal/Systematiser$4
Event: 1.451 loading class org/testng/internal/Systematiser$4 done
Event: 1.451 loading class org/testng/internal/Systematiser$3
Event: 1.451 loading class org/testng/internal/Systematiser$3 done
Event: 1.451 loading class java/util/Collections$SynchronizedMap
Event: 1.451 loading class java/util/Collections$SynchronizedMap done
Event: 1.451 loading class org/testng/SuiteRunState
Event: 1.451 loading class org/testng/SuiteRunState done
Event: 1.452 loading class org/testng/internal/Attributes
Event: 1.452 loading class org/testng/internal/Attributes done


Dynamic libraries:
0x00007ff622150000 - 0x00007ff62215f000 	C:\Program Files\Java\jdk-11.0.13\bin\java.exe
0x00007ffa1aed0000 - 0x00007ffa1b0c5000 	C:\Windows\SYSTEM32\ntdll.dll
0x00007ffa198b0000 - 0x00007ffa1996d000 	C:\Windows\System32\KERNEL32.DLL
0x00007ffa188b0000 - 0x00007ffa18b7d000 	C:\Windows\System32\KERNELBASE.dll
0x00007ffa18e20000 - 0x00007ffa18f20000 	C:\Windows\System32\ucrtbase.dll
0x00007ffa13fc0000 - 0x00007ffa13fd5000 	C:\Program Files\Java\jdk-11.0.13\bin\VCRUNTIME140.dll
0x00007ffa13fe0000 - 0x00007ffa13ff8000 	C:\Program Files\Java\jdk-11.0.13\bin\jli.dll
0x00007ffa19710000 - 0x00007ffa197be000 	C:\Windows\System32\ADVAPI32.dll
0x00007ffa19120000 - 0x00007ffa191be000 	C:\Windows\System32\msvcrt.dll
0x00007ffa1a550000 - 0x00007ffa1a5ec000 	C:\Windows\System32\sechost.dll
0x00007ffa19370000 - 0x00007ffa19495000 	C:\Windows\System32\RPCRT4.dll
0x00007ffa19570000 - 0x00007ffa19710000 	C:\Windows\System32\USER32.dll
0x00007ffa185e0000 - 0x00007ffa18602000 	C:\Windows\System32\win32u.dll
0x00007ffa062c0000 - 0x00007ffa0655a000 	C:\Windows\WinSxS\amd64_microsoft.windows.common-controls_6595b64144ccf1df_6.0.19041.1110_none_60b5254171f9507e\COMCTL32.dll
0x00007ffa190d0000 - 0x00007ffa190fa000 	C:\Windows\System32\GDI32.dll
0x00007ffa18cc0000 - 0x00007ffa18dcb000 	C:\Windows\System32\gdi32full.dll
0x00007ffa18bb0000 - 0x00007ffa18c4d000 	C:\Windows\System32\msvcp_win.dll
0x00007ffa173d0000 - 0x00007ffa173da000 	C:\Windows\SYSTEM32\VERSION.dll
0x00007ffa191c0000 - 0x00007ffa191f0000 	C:\Windows\System32\IMM32.DLL
0x00007ff9ec1b0000 - 0x00007ff9ec24b000 	C:\Program Files\Java\jdk-11.0.13\bin\msvcp140.dll
0x00007ff9d92c0000 - 0x00007ff9d9dd3000 	C:\Program Files\Java\jdk-11.0.13\bin\server\jvm.dll
0x00007ffa1ac70000 - 0x00007ffa1ac78000 	C:\Windows\System32\PSAPI.DLL
0x00007ff9fac80000 - 0x00007ff9fac89000 	C:\Windows\SYSTEM32\WSOCK32.dll
0x00007ffa191f0000 - 0x00007ffa1925b000 	C:\Windows\System32\WS2_32.dll
0x00007ffa0abe0000 - 0x00007ffa0ac07000 	C:\Windows\SYSTEM32\WINMM.dll
0x00007ffa17390000 - 0x00007ffa173a2000 	C:\Windows\SYSTEM32\kernel.appcore.dll
0x00007ffa04400000 - 0x00007ffa04410000 	C:\Program Files\Java\jdk-11.0.13\bin\verify.dll
0x00007ffa01c10000 - 0x00007ffa01df4000 	C:\Windows\SYSTEM32\DBGHELP.DLL
0x00007ffa03980000 - 0x00007ffa039ac000 	C:\Windows\SYSTEM32\dbgcore.DLL
0x00007ffa18820000 - 0x00007ffa188a2000 	C:\Windows\System32\bcryptPrimitives.dll
0x00007ff9f9ac0000 - 0x00007ff9f9ae8000 	C:\Program Files\Java\jdk-11.0.13\bin\java.dll
0x00007ffa039b0000 - 0x00007ffa039ba000 	C:\Program Files\Java\jdk-11.0.13\bin\jimage.dll
0x00007ff9fadf0000 - 0x00007ff9fadfe000 	C:\Program Files\Java\jdk-11.0.13\bin\instrument.dll
0x00007ff9f9000000 - 0x00007ff9f9016000 	C:\Program Files\Java\jdk-11.0.13\bin\zip.dll
0x00007ffa19e00000 - 0x00007ffa1a544000 	C:\Windows\System32\SHELL32.dll
0x00007ffa16520000 - 0x00007ffa16cb4000 	C:\Windows\SYSTEM32\windows.storage.dll
0x00007ffa1a910000 - 0x00007ffa1ac64000 	C:\Windows\System32\combase.dll
0x00007ffa18040000 - 0x00007ffa1806c000 	C:\Windows\SYSTEM32\Wldp.dll
0x00007ffa192c0000 - 0x00007ffa1936d000 	C:\Windows\System32\SHCORE.dll
0x00007ffa1a6a0000 - 0x00007ffa1a6f5000 	C:\Windows\System32\shlwapi.dll
0x00007ffa18520000 - 0x00007ffa1853f000 	C:\Windows\SYSTEM32\profapi.dll
0x00007ff9f8ed0000 - 0x00007ff9f8ee9000 	C:\Program Files\Java\jdk-11.0.13\bin\net.dll
0x00007ffa123f0000 - 0x00007ffa124fa000 	C:\Windows\SYSTEM32\WINHTTP.dll
0x00007ffa17da0000 - 0x00007ffa17e0a000 	C:\Windows\system32\mswsock.dll
0x00007ff9f8eb0000 - 0x00007ff9f8ec2000 	C:\Program Files\Java\jdk-11.0.13\bin\nio.dll
0x00007ff9f8fe0000 - 0x00007ff9f8ffa000 	C:\Program Files\JetBrains\IntelliJ IDEA Community Edition 2021.3.3\bin\breakgen64.dll
0x00007ffa17f90000 - 0x00007ffa17fa8000 	C:\Windows\SYSTEM32\CRYPTSP.dll
0x00007ffa176b0000 - 0x00007ffa176e4000 	C:\Windows\system32\rsaenh.dll
0x00007ffa18b80000 - 0x00007ffa18ba7000 	C:\Windows\System32\bcrypt.dll
0x00007ffa184e0000 - 0x00007ffa1850e000 	C:\Windows\SYSTEM32\USERENV.dll
0x00007ffa17fb0000 - 0x00007ffa17fbc000 	C:\Windows\SYSTEM32\CRYPTBASE.dll
0x00007ffa17a40000 - 0x00007ffa17a7b000 	C:\Windows\SYSTEM32\IPHLPAPI.DLL
0x00007ffa19df0000 - 0x00007ffa19df8000 	C:\Windows\System32\NSI.dll
0x00007ffa12b30000 - 0x00007ffa12b47000 	C:\Windows\SYSTEM32\dhcpcsvc6.DLL
0x00007ffa13120000 - 0x00007ffa1313d000 	C:\Windows\SYSTEM32\dhcpcsvc.DLL
0x00007ffa17a80000 - 0x00007ffa17b4b000 	C:\Windows\SYSTEM32\DNSAPI.dll

dbghelp: loaded successfully - version: 4.0.5 - missing functions: none
symbol engine: initialized successfully - sym options: 0x614 - pdb path: .;C:\Program Files\Java\jdk-11.0.13\bin;C:\Windows\SYSTEM32;C:\Windows\WinSxS\amd64_microsoft.windows.common-controls_6595b64144ccf1df_6.0.19041.1110_none_60b5254171f9507e;C:\Program Files\Java\jdk-11.0.13\bin\server;C:\Program Files\JetBrains\IntelliJ IDEA Community Edition 2021.3.3\bin

VM Arguments:
jvm_args: -ea -Didea.test.cyclic.buffer.size=1048576 -javaagent:C:\Program Files\JetBrains\IntelliJ IDEA Community Edition 2021.3.3\lib\idea_rt.jar=64263:C:\Program Files\JetBrains\IntelliJ IDEA Community Edition 2021.3.3\bin -Dfile.encoding=UTF-8 
java_command: com.intellij.rt.testng.RemoteTestNGStarter -usedefaultlisteners false -socket64262 @w@C:\Users\Admin\AppData\Local\Temp\idea_working_dirs_testng1.tmp -temp C:\Users\Admin\AppData\Local\Temp\idea_testng1.tmp
java_class_path (initial): C:\Program Files\JetBrains\IntelliJ IDEA Community Edition 2021.3.3\lib\idea_rt.jar;C:\Program Files\JetBrains\IntelliJ IDEA Community Edition 2021.3.3\plugins\testng\lib\testng-rt.jar;C:\Users\Admin\IdeaProjects\Hanhht4_Assignment6\target\classes;C:\Users\Admin\.m2\repository\org\testng\testng\7.5\testng-7.5.jar;C:\Users\Admin\.m2\repository\com\google\code\findbugs\jsr305\3.0.1\jsr305-3.0.1.jar;C:\Users\Admin\.m2\repository\org\slf4j\slf4j-api\1.7.32\slf4j-api-1.7.32.jar;C:\Users\Admin\.m2\repository\com\beust\jcommander\1.78\jcommander-1.78.jar;C:\Users\Admin\.m2\repository\org\webjars\jquery\3.5.1\jquery-3.5.1.jar;C:\Users\Admin\.m2\repository\org\seleniumhq\selenium\selenium-java\4.1.4\selenium-java-4.1.4.jar;C:\Users\Admin\.m2\repository\org\seleniumhq\selenium\selenium-api\4.1.4\selenium-api-4.1.4.jar;C:\Users\Admin\.m2\repository\org\seleniumhq\selenium\selenium-chrome-driver\4.1.4\selenium-chrome-driver-4.1.4.jar;C:\Users\Admin\.m2\repository\com\google\auto\service\auto-service-annotations\1.0.1\auto-service-annotations-1.0.1.jar;C:\Users\Admin\.m2\repository\com\google\auto\service\auto-service\1.0.1\auto-service-1.0.1.jar;C:\Users\Admin\.m2\repository\com\google\auto\auto-common\1.2\auto-common-1.2.jar;C:\Users\Admin\.m2\repository\com\google\guava\guava\31.1-jre\guava-31.1-jre.jar;C:\Users\Admin\.m2\repository\com\google\guava\failureaccess\1.0.1\failureaccess-1.0.1.jar;C:\Users\Admin\.m2\repository\com\google\guava\listenablefuture\9999.0-empty-to-avoid-conflict-with-guava\listenablefuture-9999.0-empty-to-avoid-conflict-with-guava.jar;C:\Users\Admin\.m2\repository\org\checkerframework\checker-qual\3.12.0\checker-qual-3.12.0.jar;C:\Users\Admin\.m2\repository\com\google\errorprone\error_prone_annotations\2.11.0\error_prone_annotations-2.11.0.jar;C:\Users\Admin\.m2\repository\com\google\j2objc\j2objc-annotations\1.3\j2objc-annotations-1.3.jar;C:\Users\Admin\.m2\repository\org\seleniumhq\selenium\selenium-chromium-driver\4.1.4\
Launcher Type: SUN_STANDARD

[Global flags]
     intx CICompilerCount                          = 3                                         {product} {ergonomic}
     uint ConcGCThreads                            = 1                                         {product} {ergonomic}
     uint G1ConcRefinementThreads                  = 4                                         {product} {ergonomic}
   size_t G1HeapRegionSize                         = 1048576                                   {product} {ergonomic}
    uintx GCDrainStackTargetSize                   = 64                                        {product} {ergonomic}
   size_t InitialHeapSize                          = 134217728                                 {product} {ergonomic}
   size_t MarkStackSize                            = 4194304                                   {product} {ergonomic}
   size_t MaxHeapSize                              = 2134900736                                {product} {ergonomic}
   size_t MaxNewSize                               = 1280311296                                {product} {ergonomic}
   size_t MinHeapDeltaBytes                        = 1048576                                   {product} {ergonomic}
    uintx NonNMethodCodeHeapSize                   = 5830732                                {pd product} {ergonomic}
    uintx NonProfiledCodeHeapSize                  = 122913754                              {pd product} {ergonomic}
    uintx ProfiledCodeHeapSize                     = 122913754                              {pd product} {ergonomic}
    uintx ReservedCodeCacheSize                    = 251658240                              {pd product} {ergonomic}
     bool SegmentedCodeCache                       = true                                      {product} {ergonomic}
     bool UseCompressedClassPointers               = true                                 {lp64_product} {ergonomic}
     bool UseCompressedOops                        = true                                 {lp64_product} {ergonomic}
     bool UseG1GC                                  = true                                      {product} {ergonomic}
     bool UseLargePagesIndividualAllocation        = false                                  {pd product} {ergonomic}

Logging:
Log output configuration:
 #0: stdout all=warning uptime,level,tags
 #1: stderr all=off uptime,level,tags

Environment Variables:
JAVA_HOME=C:\Program Files\Java\jdk-11.0.13
PATH=C:\Program Files\Microsoft MPI\Bin\;C:\Program Files\Common Files\Oracle\Java\javapath;C:\Program Files (x86)\Common Files\Oracle\Java\javapath;C:\Windows\system32;C:\Windows;C:\Windows\System32\Wbem;C:\Windows\System32\WindowsPowerShell\v1.0\;C:\Windows\System32\OpenSSH\;C:\Program Files\dotnet\;C:\Program Files (x86)\dotnet\;C:\Program Files\Microsoft SQL Server\Client SDK\ODBC\170\Tools\Binn\;C:\Program Files (x86)\Microsoft SQL Server\150\Tools\Binn\;C:\Program Files\Microsoft SQL Server\150\Tools\Binn\;C:\Program Files\Microsoft SQL Server\150\DTS\Binn\;C:\Program Files (x86)\Microsoft SQL Server\150\DTS\Binn\;C:\Program Files\Azure Data Studio\bin;C:\Program Files\Java\jdk-11.0.13\bin;C:\Program Files\Java\apache-maven-3.8.1\bin;C:\Program Files\TortoiseSVN\bin;C:\Program Files\Git\cmd;C:\Program Files\Microsoft SQL Server\Client SDK\ODBC\130\Tools\Binn\;C:\Program Files (x86)\Microsoft SQL Server\140\Tools\Binn\;C:\Program Files\Microsoft SQL Server\140\Tools\Binn\;C:\Program Files\Microsoft SQL Server\140\DTS\Binn\;C:\Program Files (x86)\Microsoft SQL Server\140\DTS\Binn\;C:\Program Files\MySQL\MySQL Shell 8.0\bin\;C:\Users\Admin\AppData\Local\Microsoft\WindowsApps;C:\Users\Admin\AppData\Local\Programs\Microsoft VS Code\bin;C:\Program Files\JetBrains\IntelliJ IDEA Community Edition 2021.3.3\bin
USERNAME=Admin
OS=Windows_NT
PROCESSOR_IDENTIFIER=Intel64 Family 6 Model 158 Stepping 11, GenuineIntel



---------------  S Y S T E M  ---------------

OS: Windows 10 , 64 bit Build 19041 (10.0.19041.1706)

CPU:total 4 (initial active 4) (4 cores per cpu, 1 threads per core) family 6 model 158 stepping 11 microcode 0xb4, cmov, cx8, fxsr, mmx, sse, sse2, sse3, ssse3, sse4.1, sse4.2, popcnt, avx, avx2, aes, clmul, erms, 3dnowpref, lzcnt, tsc, tscinvbit, bmi1, bmi2, adx, fma

Memory: 4k page, system-wide physical 8137M (461M free)
TotalPageFile size 32713M (AvailPageFile size 3M)
current process WorkingSet (physical memory assigned to process): 66M, peak: 66M
current process commit charge ("private bytes"): 213M, peak: 213M

vm_info: Java HotSpot(TM) 64-Bit Server VM (11.0.13+10-LTS-370) for windows-amd64 JRE (11.0.13+10-LTS-370), built on Sep 15 2021 22:10:36 by "mach5one" with MS VC++ 15.9 (VS2017)

END.
