#
# A fatal error has been detected by the Java Runtime Environment:
#
#  EXCEPTION_ACCESS_VIOLATION (0xc0000005) at pc=0x0000000000000000, pid=397788, tid=219588
#
# JRE version: Java(TM) SE Runtime Environment 18.9 (11.0.13+10) (build 11.0.13+10-LTS-370)
# Java VM: Java HotSpot(TM) 64-Bit Server VM 18.9 (11.0.13+10-LTS-370, mixed mode, tiered, compressed oops, g1 gc, windows-amd64)
# Problematic frame:
# C  0x0000000000000000
#
# No core dump will be written. Minidumps are not enabled by default on client versions of Windows
#
# If you would like to submit a bug report, please visit:
#   https://bugreport.java.com/bugreport/crash.jsp
# The crash happened outside the Java Virtual Machine in native code.
# See problematic frame for where to report the bug.
#

---------------  S U M M A R Y ------------

Command Line: -ea -Didea.test.cyclic.buffer.size=1048576 -javaagent:C:\Program Files\JetBrains\IntelliJ IDEA Community Edition 2021.3.3\lib\idea_rt.jar=64281:C:\Program Files\JetBrains\IntelliJ IDEA Community Edition 2021.3.3\bin -Dfile.encoding=UTF-8 com.intellij.rt.testng.RemoteTestNGStarter -usedefaultlisteners false -socket64280 @w@C:\Users\Admin\AppData\Local\Temp\idea_working_dirs_testng1.tmp -temp C:\Users\Admin\AppData\Local\Temp\idea_testng1.tmp

Host: Intel(R) Core(TM) i3-9100F CPU @ 3.60GHz, 4 cores, 7G,  Windows 10 , 64 bit Build 19041 (10.0.19041.1706)
Time: Sun May 29 14:19:08 2022 Pacific Daylight Time elapsed time: 0.717470 seconds (0d 0h 0m 0s)

---------------  T H R E A D  ---------------

Current thread (0x0000022c6a815800):  JavaThread "main" [_thread_in_native, id=219588, stack(0x00000074d6c00000,0x00000074d6d00000)]

Stack: [0x00000074d6c00000,0x00000074d6d00000],  sp=0x00000074d6cfb5f8,  free space=1005k
Native frames: (J=compiled Java code, j=interpreted, Vv=VM code, C=native code)

Java frames: (J=compiled Java code, j=interpreted, Vv=VM code)
j  java.net.NetworkInterface.getAll()[Ljava/net/NetworkInterface;+0 java.base@11.0.13
j  java.net.NetworkInterface.getNetworkInterfaces()Ljava/util/Enumeration;+0 java.base@11.0.13
j  sun.security.provider.SeedGenerator.addNetworkAdapterInfo(Ljava/security/MessageDigest;)V+0 java.base@11.0.13
j  sun.security.provider.SeedGenerator$1.run()Ljava/lang/Void;+66 java.base@11.0.13
j  sun.security.provider.SeedGenerator$1.run()Ljava/lang/Object;+1 java.base@11.0.13
v  ~StubRoutines::call_stub
j  java.security.AccessController.doPrivileged(Ljava/security/PrivilegedAction;)Ljava/lang/Object;+0 java.base@11.0.13
j  sun.security.provider.SeedGenerator.getSystemEntropy()[B+40 java.base@11.0.13
j  sun.security.provider.AbstractDrbg$SeederHolder.<clinit>()V+28 java.base@11.0.13
v  ~StubRoutines::call_stub
j  sun.security.provider.AbstractDrbg.getEntropyInput(IIIZ)[B+87 java.base@11.0.13
j  sun.security.provider.AbstractDrbg.getEntropyInput(Z)[B+14 java.base@11.0.13
j  sun.security.provider.AbstractDrbg.instantiateIfNecessary([B)V+16 java.base@11.0.13
j  sun.security.provider.AbstractDrbg.engineNextBytes([BLjava/security/SecureRandomParameters;)V+162 java.base@11.0.13
j  sun.security.provider.AbstractDrbg.engineNextBytes([B)V+11 java.base@11.0.13
j  sun.security.provider.DRBG.engineNextBytes([B)V+5 java.base@11.0.13
j  java.security.SecureRandom.nextBytes([B)V+12 java.base@11.0.13
j  java.util.UUID.randomUUID()Ljava/util/UUID;+11 java.base@11.0.13
j  org.testng.xml.XmlTest.init(Lorg/testng/xml/XmlSuite;I)V+37
j  org.testng.xml.XmlTest.<init>(Lorg/testng/xml/XmlSuite;I)V+85
j  org.testng.xml.TestNGContentHandler.xmlTest(ZLorg/xml/sax/Attributes;)V+24
j  org.testng.xml.TestNGContentHandler.startElement(Ljava/lang/String;Ljava/lang/String;Ljava/lang/String;Lorg/xml/sax/Attributes;)V+114
j  com.sun.org.apache.xerces.internal.parsers.AbstractSAXParser.startElement(Lcom/sun/org/apache/xerces/internal/xni/QName;Lcom/sun/org/apache/xerces/internal/xni/XMLAttributes;Lcom/sun/org/apache/xerces/internal/xni/Augmentations;)V+297 java.xml@11.0.13
j  com.sun.org.apache.xerces.internal.impl.dtd.XMLDTDValidator.startElement(Lcom/sun/org/apache/xerces/internal/xni/QName;Lcom/sun/org/apache/xerces/internal/xni/XMLAttributes;Lcom/sun/org/apache/xerces/internal/xni/Augmentations;)V+22 java.xml@11.0.13
j  com.sun.org.apache.xerces.internal.impl.XMLDocumentFragmentScannerImpl.scanStartElement()Z+436 java.xml@11.0.13
j  com.sun.org.apache.xerces.internal.impl.XMLDocumentFragmentScannerImpl$FragmentContentDriver.next()I+427 java.xml@11.0.13
j  com.sun.org.apache.xerces.internal.impl.XMLDocumentScannerImpl.next()I+4 java.xml@11.0.13
j  com.sun.org.apache.xerces.internal.impl.XMLDocumentFragmentScannerImpl.scanDocument(Z)Z+312 java.xml@11.0.13
j  com.sun.org.apache.xerces.internal.parsers.XML11Configuration.parse(Z)Z+121 java.xml@11.0.13
j  com.sun.org.apache.xerces.internal.parsers.XML11Configuration.parse(Lcom/sun/org/apache/xerces/internal/xni/parser/XMLInputSource;)V+29 java.xml@11.0.13
j  com.sun.org.apache.xerces.internal.parsers.XMLParser.parse(Lcom/sun/org/apache/xerces/internal/xni/parser/XMLInputSource;)V+76 java.xml@11.0.13
j  com.sun.org.apache.xerces.internal.parsers.AbstractSAXParser.parse(Lorg/xml/sax/InputSource;)V+44 java.xml@11.0.13
j  com.sun.org.apache.xerces.internal.jaxp.SAXParserImpl$JAXPSAXParser.parse(Lorg/xml/sax/InputSource;)V+53 java.xml@11.0.13
j  com.sun.org.apache.xerces.internal.jaxp.SAXParserImpl.parse(Lorg/xml/sax/InputSource;Lorg/xml/sax/helpers/DefaultHandler;)V+61 java.xml@11.0.13
j  javax.xml.parsers.SAXParser.parse(Ljava/io/InputStream;Lorg/xml/sax/helpers/DefaultHandler;)V+26 java.xml@11.0.13
j  org.testng.xml.XMLParser.parse(Ljava/io/InputStream;Lorg/xml/sax/helpers/DefaultHandler;)V+11
j  org.testng.xml.SuiteXmlParser.parse(Ljava/lang/String;Ljava/io/InputStream;Z)Lorg/testng/xml/XmlSuite;+15
j  org.testng.xml.SuiteXmlParser.parse(Ljava/lang/String;Ljava/io/InputStream;Z)Ljava/lang/Object;+4
j  org.testng.xml.internal.Parser.parse()Ljava/util/Collection;+234
j  org.testng.xml.internal.Parser.parse(Ljava/lang/String;Lorg/testng/xml/IPostProcessor;)Ljava/util/Collection;+5
j  org.testng.TestNG.parseSuite(Ljava/lang/String;)Ljava/util/Collection;+44
j  org.testng.TestNG.initializeSuitesAndJarFile()V+61
j  com.intellij.rt.testng.IDEARemoteTestNG.run()V+1
j  com.intellij.rt.testng.RemoteTestNGStarter.main([Ljava/lang/String;)V+536
v  ~StubRoutines::call_stub

siginfo: EXCEPTION_ACCESS_VIOLATION (0xc0000005), data execution prevention violation at address 0x0000000000000000


Register to memory mapping:

RIP=0x0 is NULL
RAX=0x0 is NULL
RBX=0x0 is NULL
RCX=0x0000022c79be3b30 points into unknown readable memory: 0x0000022c79be2eb0 | b0 2e be 79 2c 02 00 00
RDX=0x00000074d6cfb630 is pointing into the stack for thread: 0x0000022c6a815800
RSP=0x00000074d6cfb5f8 is pointing into the stack for thread: 0x0000022c6a815800
RBP=0x00000074d6cfb680 is pointing into the stack for thread: 0x0000022c6a815800
RSI=0x0000022c79be3b30 points into unknown readable memory: 0x0000022c79be2eb0 | b0 2e be 79 2c 02 00 00
RDI=0x0 is NULL
R8 =0x0000000000000001 is an unknown value
R9 =0x0000000000000002 is an unknown value
R10=0x01d71a194e5268b3 is an unknown value
R11=0x00000074d6cfae00 is pointing into the stack for thread: 0x0000022c6a815800
R12=0x0000022c6a815b48 points into unknown readable memory: 0x00007ff9d9c9fd00 | 00 fd c9 d9 f9 7f 00 00
R13=0x0 is NULL
R14=0x0 is NULL
R15=0x0000022c6a815800 is a thread


Registers:
RAX=0x0000000000000000, RBX=0x0000000000000000, RCX=0x0000022c79be3b30, RDX=0x00000074d6cfb630
RSP=0x00000074d6cfb5f8, RBP=0x00000074d6cfb680, RSI=0x0000022c79be3b30, RDI=0x0000000000000000
R8 =0x0000000000000001, R9 =0x0000000000000002, R10=0x01d71a194e5268b3, R11=0x00000074d6cfae00
R12=0x0000022c6a815b48, R13=0x0000000000000000, R14=0x0000000000000000, R15=0x0000022c6a815800
RIP=0x0000000000000000, EFLAGS=0x0000000000010202

Top of Stack: (sp=0x00000074d6cfb5f8)
0x00000074d6cfb5f8:   00007ff9f8ed54e0 0000022c79be3b30
0x00000074d6cfb608:   00000074d6cfb630 0000000000000001
0x00000074d6cfb618:   0000000000000002 0000022c00052480
0x00000074d6cfb628:   0000000000000000 0000000000000360
0x00000074d6cfb638:   0000000000000000 0000000000000000
0x00000074d6cfb648:   0000000000000000 00000000d6cfb5b0
0x00000074d6cfb658:   0000000000000000 00000074d6cfb830
0x00000074d6cfb668:   0000000000000000 000059ff3de43378
0x00000074d6cfb678:   0000000000000000 0000022c6a815800
0x00000074d6cfb688:   0000000000000000 0000000000000000
0x00000074d6cfb698:   00000074d6cfb830 0000022c6a815b48
0x00000074d6cfb6a8:   0000022c6a815b48 00000074d6cfb779
0x00000074d6cfb6b8:   00007ff9f8ed661c 0000007400000400
0x00000074d6cfb6c8:   00000074d6cfb6d8 0000000000000000
0x00000074d6cfb6d8:   00007ff9d9a58478 0000000000000000
0x00000074d6cfb6e8:   0000000000000001 0000000000000000 

Instructions: (pc=0x0000000000000000)
0xffffffffffffffe0:   


Stack slot to memory mapping:
stack at sp + 0 slots: 0x00007ff9f8ed54e0 net.dll
stack at sp + 1 slots: 0x0000022c79be3b30 points into unknown readable memory: 0x0000022c79be2eb0 | b0 2e be 79 2c 02 00 00
stack at sp + 2 slots: 0x00000074d6cfb630 is pointing into the stack for thread: 0x0000022c6a815800
stack at sp + 3 slots: 0x0000000000000001 is an unknown value
stack at sp + 4 slots: 0x0000000000000002 is an unknown value
stack at sp + 5 slots: 0x0000022c00052480 points into unknown readable memory: 0x0000000000000005 | 05 00 00 00 00 00 00 00
stack at sp + 6 slots: 0x0 is NULL
stack at sp + 7 slots: 0x0000000000000360 is an unknown value


---------------  P R O C E S S  ---------------

Threads class SMR info:
_java_thread_list=0x0000022c7a187a50, length=13, elements={
0x0000022c6a815800, 0x0000022c78ecb800, 0x0000022c78ecf000, 0x0000022c79852800,
0x0000022c78ee2800, 0x0000022c78ee4000, 0x0000022c78eea000, 0x0000022c78f0b000,
0x0000022c7989a800, 0x0000022c79996000, 0x0000022c79b9d800, 0x0000022c7a0a6800,
0x0000022c7a35c800
}

Java Threads: ( => current thread )
=>0x0000022c6a815800 JavaThread "main" [_thread_in_native, id=219588, stack(0x00000074d6c00000,0x00000074d6d00000)]
  0x0000022c78ecb800 JavaThread "Reference Handler" daemon [_thread_blocked, id=381696, stack(0x00000074d7300000,0x00000074d7400000)]
  0x0000022c78ecf000 JavaThread "Finalizer" daemon [_thread_blocked, id=397464, stack(0x00000074d7400000,0x00000074d7500000)]
  0x0000022c79852800 JavaThread "Signal Dispatcher" daemon [_thread_blocked, id=217132, stack(0x00000074d7500000,0x00000074d7600000)]
  0x0000022c78ee2800 JavaThread "Attach Listener" daemon [_thread_blocked, id=218708, stack(0x00000074d7600000,0x00000074d7700000)]
  0x0000022c78ee4000 JavaThread "Service Thread" daemon [_thread_blocked, id=398000, stack(0x00000074d7700000,0x00000074d7800000)]
  0x0000022c78eea000 JavaThread "C2 CompilerThread0" daemon [_thread_blocked, id=279728, stack(0x00000074d7800000,0x00000074d7900000)]
  0x0000022c78f0b000 JavaThread "C1 CompilerThread0" daemon [_thread_blocked, id=399436, stack(0x00000074d7900000,0x00000074d7a00000)]
  0x0000022c7989a800 JavaThread "Sweeper thread" daemon [_thread_blocked, id=398272, stack(0x00000074d7a00000,0x00000074d7b00000)]
  0x0000022c79996000 JavaThread "Common-Cleaner" daemon [_thread_blocked, id=217476, stack(0x00000074d7b00000,0x00000074d7c00000)]
  0x0000022c79b9d800 JavaThread "Monitor Ctrl-Break" daemon [_thread_in_native, id=397116, stack(0x00000074d7d00000,0x00000074d7e00000)]
  0x0000022c7a0a6800 JavaThread "SeedGenerator Thread" daemon [_thread_in_Java, id=397632, stack(0x00000074d8000000,0x00000074d8100000)]
  0x0000022c7a35c800 JavaThread "SeedGenerator Thread" daemon [_thread_blocked, id=396280, stack(0x00000074d8100000,0x00000074d8200000)]

Other Threads:
  0x0000022c78ea7800 VMThread "VM Thread" [stack: 0x00000074d7200000,0x00000074d7300000] [id=372884]
  0x0000022c79c8b800 WatcherThread [stack: 0x00000074d7e00000,0x00000074d7f00000] [id=395892]
  0x0000022c6a82b800 GCTaskThread "GC Thread#0" [stack: 0x00000074d6d00000,0x00000074d6e00000] [id=398184]
  0x0000022c7a27d000 GCTaskThread "GC Thread#1" [stack: 0x00000074d7c00000,0x00000074d7d00000] [id=396208]
  0x0000022c7a197000 GCTaskThread "GC Thread#2" [stack: 0x00000074d7f00000,0x00000074d8000000] [id=398140]
  0x0000022c6a85a800 ConcurrentGCThread "G1 Main Marker" [stack: 0x00000074d6e00000,0x00000074d6f00000] [id=397736]
  0x0000022c6a85e000 ConcurrentGCThread "G1 Conc#0" [stack: 0x00000074d6f00000,0x00000074d7000000] [id=397724]
  0x0000022c6a8ec000 ConcurrentGCThread "G1 Refine#0" [stack: 0x00000074d7000000,0x00000074d7100000] [id=399772]
  0x0000022c6a8ed800 ConcurrentGCThread "G1 Young RemSet Sampling" [stack: 0x00000074d7100000,0x00000074d7200000] [id=398824]

Threads with active compile tasks:

VM state:not at safepoint (normal execution)

VM Mutex/Monitor currently owned by a thread: None

Heap address: 0x0000000080c00000, size: 2036 MB, Compressed Oops mode: 32-bit
Narrow klass base: 0x0000000000000000, Narrow klass shift: 3
Compressed class space size: 1073741824 Address: 0x0000000100000000

Heap:
 garbage-first heap   total 131072K, used 3708K [0x0000000080c00000, 0x0000000100000000)
  region size 1024K, 3 young (3072K), 2 survivors (2048K)
 Metaspace       used 10821K, capacity 10970K, committed 11136K, reserved 1071104K
  class space    used 1057K, capacity 1127K, committed 1152K, reserved 1048576K
Heap Regions: E=young(eden), S=young(survivor), O=old, HS=humongous(starts), HC=humongous(continues), CS=collection set, F=free, A=archive, TAMS=top-at-mark-start (previous, next)
|   0|0x0000000080c00000, 0x0000000080d00000, 0x0000000080d00000|100%| O|  |TAMS 0x0000000080d00000, 0x0000000080c00000| Untracked 
|   1|0x0000000080d00000, 0x0000000080d9f200, 0x0000000080e00000| 62%| O|  |TAMS 0x0000000080d9f200, 0x0000000080d00000| Untracked 
|   2|0x0000000080e00000, 0x0000000080e00000, 0x0000000080f00000|  0%| F|  |TAMS 0x0000000080e00000, 0x0000000080e00000| Untracked 
|   3|0x0000000080f00000, 0x0000000080f00000, 0x0000000081000000|  0%| F|  |TAMS 0x0000000080f00000, 0x0000000080f00000| Untracked 
|   4|0x0000000081000000, 0x0000000081000000, 0x0000000081100000|  0%| F|  |TAMS 0x0000000081000000, 0x0000000081000000| Untracked 
|   5|0x0000000081100000, 0x0000000081100000, 0x0000000081200000|  0%| F|  |TAMS 0x0000000081100000, 0x0000000081100000| Untracked 
|   6|0x0000000081200000, 0x0000000081200000, 0x0000000081300000|  0%| F|  |TAMS 0x0000000081200000, 0x0000000081200000| Untracked 
|   7|0x0000000081300000, 0x0000000081300000, 0x0000000081400000|  0%| F|  |TAMS 0x0000000081300000, 0x0000000081300000| Untracked 
|   8|0x0000000081400000, 0x0000000081400000, 0x0000000081500000|  0%| F|  |TAMS 0x0000000081400000, 0x0000000081400000| Untracked 
|   9|0x0000000081500000, 0x0000000081500000, 0x0000000081600000|  0%| F|  |TAMS 0x0000000081500000, 0x0000000081500000| Untracked 
|  10|0x0000000081600000, 0x0000000081600000, 0x0000000081700000|  0%| F|  |TAMS 0x0000000081600000, 0x0000000081600000| Untracked 
|  11|0x0000000081700000, 0x0000000081700000, 0x0000000081800000|  0%| F|  |TAMS 0x0000000081700000, 0x0000000081700000| Untracked 
|  12|0x0000000081800000, 0x0000000081800000, 0x0000000081900000|  0%| F|  |TAMS 0x0000000081800000, 0x0000000081800000| Untracked 
|  13|0x0000000081900000, 0x0000000081900000, 0x0000000081a00000|  0%| F|  |TAMS 0x0000000081900000, 0x0000000081900000| Untracked 
|  14|0x0000000081a00000, 0x0000000081a00000, 0x0000000081b00000|  0%| F|  |TAMS 0x0000000081a00000, 0x0000000081a00000| Untracked 
|  15|0x0000000081b00000, 0x0000000081b00000, 0x0000000081c00000|  0%| F|  |TAMS 0x0000000081b00000, 0x0000000081b00000| Untracked 
|  16|0x0000000081c00000, 0x0000000081c00000, 0x0000000081d00000|  0%| F|  |TAMS 0x0000000081c00000, 0x0000000081c00000| Untracked 
|  17|0x0000000081d00000, 0x0000000081d00000, 0x0000000081e00000|  0%| F|  |TAMS 0x0000000081d00000, 0x0000000081d00000| Untracked 
|  18|0x0000000081e00000, 0x0000000081e00000, 0x0000000081f00000|  0%| F|  |TAMS 0x0000000081e00000, 0x0000000081e00000| Untracked 
|  19|0x0000000081f00000, 0x0000000081f00000, 0x0000000082000000|  0%| F|  |TAMS 0x0000000081f00000, 0x0000000081f00000| Untracked 
|  20|0x0000000082000000, 0x0000000082000000, 0x0000000082100000|  0%| F|  |TAMS 0x0000000082000000, 0x0000000082000000| Untracked 
|  21|0x0000000082100000, 0x0000000082100000, 0x0000000082200000|  0%| F|  |TAMS 0x0000000082100000, 0x0000000082100000| Untracked 
|  22|0x0000000082200000, 0x0000000082200000, 0x0000000082300000|  0%| F|  |TAMS 0x0000000082200000, 0x0000000082200000| Untracked 
|  23|0x0000000082300000, 0x0000000082300000, 0x0000000082400000|  0%| F|  |TAMS 0x0000000082300000, 0x0000000082300000| Untracked 
|  24|0x0000000082400000, 0x0000000082400000, 0x0000000082500000|  0%| F|  |TAMS 0x0000000082400000, 0x0000000082400000| Untracked 
|  25|0x0000000082500000, 0x0000000082500000, 0x0000000082600000|  0%| F|  |TAMS 0x0000000082500000, 0x0000000082500000| Untracked 
|  26|0x0000000082600000, 0x0000000082600000, 0x0000000082700000|  0%| F|  |TAMS 0x0000000082600000, 0x0000000082600000| Untracked 
|  27|0x0000000082700000, 0x0000000082700000, 0x0000000082800000|  0%| F|  |TAMS 0x0000000082700000, 0x0000000082700000| Untracked 
|  28|0x0000000082800000, 0x0000000082800000, 0x0000000082900000|  0%| F|  |TAMS 0x0000000082800000, 0x0000000082800000| Untracked 
|  29|0x0000000082900000, 0x0000000082900000, 0x0000000082a00000|  0%| F|  |TAMS 0x0000000082900000, 0x0000000082900000| Untracked 
|  30|0x0000000082a00000, 0x0000000082a00000, 0x0000000082b00000|  0%| F|  |TAMS 0x0000000082a00000, 0x0000000082a00000| Untracked 
|  31|0x0000000082b00000, 0x0000000082b00000, 0x0000000082c00000|  0%| F|  |TAMS 0x0000000082b00000, 0x0000000082b00000| Untracked 
|  32|0x0000000082c00000, 0x0000000082c00000, 0x0000000082d00000|  0%| F|  |TAMS 0x0000000082c00000, 0x0000000082c00000| Untracked 
|  33|0x0000000082d00000, 0x0000000082d00000, 0x0000000082e00000|  0%| F|  |TAMS 0x0000000082d00000, 0x0000000082d00000| Untracked 
|  34|0x0000000082e00000, 0x0000000082e00000, 0x0000000082f00000|  0%| F|  |TAMS 0x0000000082e00000, 0x0000000082e00000| Untracked 
|  35|0x0000000082f00000, 0x0000000082f00000, 0x0000000083000000|  0%| F|  |TAMS 0x0000000082f00000, 0x0000000082f00000| Untracked 
|  36|0x0000000083000000, 0x0000000083000000, 0x0000000083100000|  0%| F|  |TAMS 0x0000000083000000, 0x0000000083000000| Untracked 
|  37|0x0000000083100000, 0x0000000083100000, 0x0000000083200000|  0%| F|  |TAMS 0x0000000083100000, 0x0000000083100000| Untracked 
|  38|0x0000000083200000, 0x0000000083200000, 0x0000000083300000|  0%| F|  |TAMS 0x0000000083200000, 0x0000000083200000| Untracked 
|  39|0x0000000083300000, 0x0000000083300000, 0x0000000083400000|  0%| F|  |TAMS 0x0000000083300000, 0x0000000083300000| Untracked 
|  40|0x0000000083400000, 0x0000000083400000, 0x0000000083500000|  0%| F|  |TAMS 0x0000000083400000, 0x0000000083400000| Untracked 
|  41|0x0000000083500000, 0x0000000083500000, 0x0000000083600000|  0%| F|  |TAMS 0x0000000083500000, 0x0000000083500000| Untracked 
|  42|0x0000000083600000, 0x0000000083600000, 0x0000000083700000|  0%| F|  |TAMS 0x0000000083600000, 0x0000000083600000| Untracked 
|  43|0x0000000083700000, 0x0000000083700000, 0x0000000083800000|  0%| F|  |TAMS 0x0000000083700000, 0x0000000083700000| Untracked 
|  44|0x0000000083800000, 0x0000000083800000, 0x0000000083900000|  0%| F|  |TAMS 0x0000000083800000, 0x0000000083800000| Untracked 
|  45|0x0000000083900000, 0x0000000083900000, 0x0000000083a00000|  0%| F|  |TAMS 0x0000000083900000, 0x0000000083900000| Untracked 
|  46|0x0000000083a00000, 0x0000000083a00000, 0x0000000083b00000|  0%| F|  |TAMS 0x0000000083a00000, 0x0000000083a00000| Untracked 
|  47|0x0000000083b00000, 0x0000000083b00000, 0x0000000083c00000|  0%| F|  |TAMS 0x0000000083b00000, 0x0000000083b00000| Untracked 
|  48|0x0000000083c00000, 0x0000000083c00000, 0x0000000083d00000|  0%| F|  |TAMS 0x0000000083c00000, 0x0000000083c00000| Untracked 
|  49|0x0000000083d00000, 0x0000000083d00000, 0x0000000083e00000|  0%| F|  |TAMS 0x0000000083d00000, 0x0000000083d00000| Untracked 
|  50|0x0000000083e00000, 0x0000000083e00000, 0x0000000083f00000|  0%| F|  |TAMS 0x0000000083e00000, 0x0000000083e00000| Untracked 
|  51|0x0000000083f00000, 0x0000000083f00000, 0x0000000084000000|  0%| F|  |TAMS 0x0000000083f00000, 0x0000000083f00000| Untracked 
|  52|0x0000000084000000, 0x0000000084000000, 0x0000000084100000|  0%| F|  |TAMS 0x0000000084000000, 0x0000000084000000| Untracked 
|  53|0x0000000084100000, 0x0000000084100000, 0x0000000084200000|  0%| F|  |TAMS 0x0000000084100000, 0x0000000084100000| Untracked 
|  54|0x0000000084200000, 0x0000000084200000, 0x0000000084300000|  0%| F|  |TAMS 0x0000000084200000, 0x0000000084200000| Untracked 
|  55|0x0000000084300000, 0x0000000084300000, 0x0000000084400000|  0%| F|  |TAMS 0x0000000084300000, 0x0000000084300000| Untracked 
|  56|0x0000000084400000, 0x0000000084400000, 0x0000000084500000|  0%| F|  |TAMS 0x0000000084400000, 0x0000000084400000| Untracked 
|  57|0x0000000084500000, 0x0000000084500000, 0x0000000084600000|  0%| F|  |TAMS 0x0000000084500000, 0x0000000084500000| Untracked 
|  58|0x0000000084600000, 0x0000000084600000, 0x0000000084700000|  0%| F|  |TAMS 0x0000000084600000, 0x0000000084600000| Untracked 
|  59|0x0000000084700000, 0x0000000084700000, 0x0000000084800000|  0%| F|  |TAMS 0x0000000084700000, 0x0000000084700000| Untracked 
|  60|0x0000000084800000, 0x0000000084800000, 0x0000000084900000|  0%| F|  |TAMS 0x0000000084800000, 0x0000000084800000| Untracked 
|  61|0x0000000084900000, 0x0000000084900000, 0x0000000084a00000|  0%| F|  |TAMS 0x0000000084900000, 0x0000000084900000| Untracked 
|  62|0x0000000084a00000, 0x0000000084a00000, 0x0000000084b00000|  0%| F|  |TAMS 0x0000000084a00000, 0x0000000084a00000| Untracked 
|  63|0x0000000084b00000, 0x0000000084b00000, 0x0000000084c00000|  0%| F|  |TAMS 0x0000000084b00000, 0x0000000084b00000| Untracked 
|  64|0x0000000084c00000, 0x0000000084c00000, 0x0000000084d00000|  0%| F|  |TAMS 0x0000000084c00000, 0x0000000084c00000| Untracked 
|  65|0x0000000084d00000, 0x0000000084d00000, 0x0000000084e00000|  0%| F|  |TAMS 0x0000000084d00000, 0x0000000084d00000| Untracked 
|  66|0x0000000084e00000, 0x0000000084e00000, 0x0000000084f00000|  0%| F|  |TAMS 0x0000000084e00000, 0x0000000084e00000| Untracked 
|  67|0x0000000084f00000, 0x0000000084f00000, 0x0000000085000000|  0%| F|  |TAMS 0x0000000084f00000, 0x0000000084f00000| Untracked 
|  68|0x0000000085000000, 0x0000000085000000, 0x0000000085100000|  0%| F|  |TAMS 0x0000000085000000, 0x0000000085000000| Untracked 
|  69|0x0000000085100000, 0x0000000085100000, 0x0000000085200000|  0%| F|  |TAMS 0x0000000085100000, 0x0000000085100000| Untracked 
|  70|0x0000000085200000, 0x0000000085200000, 0x0000000085300000|  0%| F|  |TAMS 0x0000000085200000, 0x0000000085200000| Untracked 
|  71|0x0000000085300000, 0x0000000085300000, 0x0000000085400000|  0%| F|  |TAMS 0x0000000085300000, 0x0000000085300000| Untracked 
|  72|0x0000000085400000, 0x0000000085400000, 0x0000000085500000|  0%| F|  |TAMS 0x0000000085400000, 0x0000000085400000| Untracked 
|  73|0x0000000085500000, 0x0000000085500000, 0x0000000085600000|  0%| F|  |TAMS 0x0000000085500000, 0x0000000085500000| Untracked 
|  74|0x0000000085600000, 0x0000000085600000, 0x0000000085700000|  0%| F|  |TAMS 0x0000000085600000, 0x0000000085600000| Untracked 
|  75|0x0000000085700000, 0x0000000085700000, 0x0000000085800000|  0%| F|  |TAMS 0x0000000085700000, 0x0000000085700000| Untracked 
|  76|0x0000000085800000, 0x0000000085800000, 0x0000000085900000|  0%| F|  |TAMS 0x0000000085800000, 0x0000000085800000| Untracked 
|  77|0x0000000085900000, 0x0000000085900000, 0x0000000085a00000|  0%| F|  |TAMS 0x0000000085900000, 0x0000000085900000| Untracked 
|  78|0x0000000085a00000, 0x0000000085a00000, 0x0000000085b00000|  0%| F|  |TAMS 0x0000000085a00000, 0x0000000085a00000| Untracked 
|  79|0x0000000085b00000, 0x0000000085b00000, 0x0000000085c00000|  0%| F|  |TAMS 0x0000000085b00000, 0x0000000085b00000| Untracked 
|  80|0x0000000085c00000, 0x0000000085c00000, 0x0000000085d00000|  0%| F|  |TAMS 0x0000000085c00000, 0x0000000085c00000| Untracked 
|  81|0x0000000085d00000, 0x0000000085d00000, 0x0000000085e00000|  0%| F|  |TAMS 0x0000000085d00000, 0x0000000085d00000| Untracked 
|  82|0x0000000085e00000, 0x0000000085e00000, 0x0000000085f00000|  0%| F|  |TAMS 0x0000000085e00000, 0x0000000085e00000| Untracked 
|  83|0x0000000085f00000, 0x0000000085f00000, 0x0000000086000000|  0%| F|  |TAMS 0x0000000085f00000, 0x0000000085f00000| Untracked 
|  84|0x0000000086000000, 0x0000000086000000, 0x0000000086100000|  0%| F|  |TAMS 0x0000000086000000, 0x0000000086000000| Untracked 
|  85|0x0000000086100000, 0x0000000086100000, 0x0000000086200000|  0%| F|  |TAMS 0x0000000086100000, 0x0000000086100000| Untracked 
|  86|0x0000000086200000, 0x0000000086200000, 0x0000000086300000|  0%| F|  |TAMS 0x0000000086200000, 0x0000000086200000| Untracked 
|  87|0x0000000086300000, 0x0000000086300000, 0x0000000086400000|  0%| F|  |TAMS 0x0000000086300000, 0x0000000086300000| Untracked 
|  88|0x0000000086400000, 0x0000000086400000, 0x0000000086500000|  0%| F|  |TAMS 0x0000000086400000, 0x0000000086400000| Untracked 
|  89|0x0000000086500000, 0x0000000086500000, 0x0000000086600000|  0%| F|  |TAMS 0x0000000086500000, 0x0000000086500000| Untracked 
|  90|0x0000000086600000, 0x0000000086600000, 0x0000000086700000|  0%| F|  |TAMS 0x0000000086600000, 0x0000000086600000| Untracked 
|  91|0x0000000086700000, 0x0000000086700000, 0x0000000086800000|  0%| F|  |TAMS 0x0000000086700000, 0x0000000086700000| Untracked 
|  92|0x0000000086800000, 0x0000000086800000, 0x0000000086900000|  0%| F|  |TAMS 0x0000000086800000, 0x0000000086800000| Untracked 
|  93|0x0000000086900000, 0x0000000086900000, 0x0000000086a00000|  0%| F|  |TAMS 0x0000000086900000, 0x0000000086900000| Untracked 
|  94|0x0000000086a00000, 0x0000000086a00000, 0x0000000086b00000|  0%| F|  |TAMS 0x0000000086a00000, 0x0000000086a00000| Untracked 
|  95|0x0000000086b00000, 0x0000000086b00000, 0x0000000086c00000|  0%| F|  |TAMS 0x0000000086b00000, 0x0000000086b00000| Untracked 
|  96|0x0000000086c00000, 0x0000000086c00000, 0x0000000086d00000|  0%| F|  |TAMS 0x0000000086c00000, 0x0000000086c00000| Untracked 
|  97|0x0000000086d00000, 0x0000000086d00000, 0x0000000086e00000|  0%| F|  |TAMS 0x0000000086d00000, 0x0000000086d00000| Untracked 
|  98|0x0000000086e00000, 0x0000000086e00000, 0x0000000086f00000|  0%| F|  |TAMS 0x0000000086e00000, 0x0000000086e00000| Untracked 
|  99|0x0000000086f00000, 0x0000000086f00000, 0x0000000087000000|  0%| F|  |TAMS 0x0000000086f00000, 0x0000000086f00000| Untracked 
| 100|0x0000000087000000, 0x0000000087000000, 0x0000000087100000|  0%| F|  |TAMS 0x0000000087000000, 0x0000000087000000| Untracked 
| 101|0x0000000087100000, 0x0000000087100000, 0x0000000087200000|  0%| F|  |TAMS 0x0000000087100000, 0x0000000087100000| Untracked 
| 102|0x0000000087200000, 0x0000000087200000, 0x0000000087300000|  0%| F|  |TAMS 0x0000000087200000, 0x0000000087200000| Untracked 
| 103|0x0000000087300000, 0x0000000087300000, 0x0000000087400000|  0%| F|  |TAMS 0x0000000087300000, 0x0000000087300000| Untracked 
| 104|0x0000000087400000, 0x0000000087400000, 0x0000000087500000|  0%| F|  |TAMS 0x0000000087400000, 0x0000000087400000| Untracked 
| 105|0x0000000087500000, 0x0000000087500000, 0x0000000087600000|  0%| F|  |TAMS 0x0000000087500000, 0x0000000087500000| Untracked 
| 106|0x0000000087600000, 0x0000000087600000, 0x0000000087700000|  0%| F|  |TAMS 0x0000000087600000, 0x0000000087600000| Untracked 
| 107|0x0000000087700000, 0x0000000087700000, 0x0000000087800000|  0%| F|  |TAMS 0x0000000087700000, 0x0000000087700000| Untracked 
| 108|0x0000000087800000, 0x0000000087800000, 0x0000000087900000|  0%| F|  |TAMS 0x0000000087800000, 0x0000000087800000| Untracked 
| 109|0x0000000087900000, 0x0000000087900000, 0x0000000087a00000|  0%| F|  |TAMS 0x0000000087900000, 0x0000000087900000| Untracked 
| 110|0x0000000087a00000, 0x0000000087a00000, 0x0000000087b00000|  0%| F|  |TAMS 0x0000000087a00000, 0x0000000087a00000| Untracked 
| 111|0x0000000087b00000, 0x0000000087b00000, 0x0000000087c00000|  0%| F|  |TAMS 0x0000000087b00000, 0x0000000087b00000| Untracked 
| 112|0x0000000087c00000, 0x0000000087c00000, 0x0000000087d00000|  0%| F|  |TAMS 0x0000000087c00000, 0x0000000087c00000| Untracked 
| 113|0x0000000087d00000, 0x0000000087d00000, 0x0000000087e00000|  0%| F|  |TAMS 0x0000000087d00000, 0x0000000087d00000| Untracked 
| 114|0x0000000087e00000, 0x0000000087e00000, 0x0000000087f00000|  0%| F|  |TAMS 0x0000000087e00000, 0x0000000087e00000| Untracked 
| 115|0x0000000087f00000, 0x0000000088000000, 0x0000000088000000|100%| S|CS|TAMS 0x0000000087f00000, 0x0000000087f00000| Complete 
| 116|0x0000000088000000, 0x0000000088100000, 0x0000000088100000|100%| S|CS|TAMS 0x0000000088000000, 0x0000000088000000| Complete 
| 117|0x0000000088100000, 0x0000000088100000, 0x0000000088200000|  0%| F|  |TAMS 0x0000000088100000, 0x0000000088100000| Untracked 
| 118|0x0000000088200000, 0x0000000088200000, 0x0000000088300000|  0%| F|  |TAMS 0x0000000088200000, 0x0000000088200000| Untracked 
| 119|0x0000000088300000, 0x0000000088300000, 0x0000000088400000|  0%| F|  |TAMS 0x0000000088300000, 0x0000000088300000| Untracked 
| 120|0x0000000088400000, 0x0000000088400000, 0x0000000088500000|  0%| F|  |TAMS 0x0000000088400000, 0x0000000088400000| Untracked 
| 121|0x0000000088500000, 0x0000000088500000, 0x0000000088600000|  0%| F|  |TAMS 0x0000000088500000, 0x0000000088500000| Untracked 
| 122|0x0000000088600000, 0x0000000088600000, 0x0000000088700000|  0%| F|  |TAMS 0x0000000088600000, 0x0000000088600000| Untracked 
| 123|0x0000000088700000, 0x0000000088700000, 0x0000000088800000|  0%| F|  |TAMS 0x0000000088700000, 0x0000000088700000| Untracked 
| 124|0x0000000088800000, 0x0000000088800000, 0x0000000088900000|  0%| F|  |TAMS 0x0000000088800000, 0x0000000088800000| Untracked 
| 125|0x0000000088900000, 0x0000000088900000, 0x0000000088a00000|  0%| F|  |TAMS 0x0000000088900000, 0x0000000088900000| Untracked 
| 126|0x0000000088a00000, 0x0000000088a00000, 0x0000000088b00000|  0%| F|  |TAMS 0x0000000088a00000, 0x0000000088a00000| Untracked 
| 127|0x0000000088b00000, 0x0000000088c00000, 0x0000000088c00000|100%| E|  |TAMS 0x0000000088b00000, 0x0000000088b00000| Complete 

Card table byte_map: [0x0000022c72240000,0x0000022c72640000] _byte_map_base: 0x0000022c71e3a000

Marking Bits (Prev, Next): (CMBitMap*) 0x0000022c6a851c90, (CMBitMap*) 0x0000022c6a851c58
 Prev Bits: [0x0000022c74a10000, 0x0000022c769e0000)
 Next Bits: [0x0000022c72a40000, 0x0000022c74a10000)

Polling page: 0x0000022c689c0000

Metaspace:

Usage:
  Non-class:      9.61 MB capacity,     9.54 MB (>99%) used,    63.92 KB ( <1%) free+waste,    15.00 KB ( <1%) overhead. 
      Class:      1.10 MB capacity,     1.03 MB ( 94%) used,    62.54 KB (  6%) free+waste,     7.25 KB ( <1%) overhead. 
       Both:     10.71 MB capacity,    10.57 MB ( 99%) used,   126.46 KB (  1%) free+waste,    22.25 KB ( <1%) overhead. 

Virtual space:
  Non-class space:       22.00 MB reserved,       9.75 MB ( 44%) committed 
      Class space:        1.00 GB reserved,       1.13 MB ( <1%) committed 
             Both:        1.02 GB reserved,      10.88 MB (  1%) committed 

Chunk freelists:
   Non-Class:  1.63 KB
       Class:  3.13 KB
        Both:  4.75 KB

CodeHeap 'non-profiled nmethods': size=120064Kb used=238Kb max_used=238Kb free=119825Kb
 bounds [0x0000022c07ac0000, 0x0000022c07d30000, 0x0000022c0f000000]
CodeHeap 'profiled nmethods': size=120000Kb used=1347Kb max_used=1347Kb free=118652Kb
 bounds [0x0000022c00590000, 0x0000022c00800000, 0x0000022c07ac0000]
CodeHeap 'non-nmethods': size=5696Kb used=1078Kb max_used=1090Kb free=4617Kb
 bounds [0x0000022c00000000, 0x0000022c00270000, 0x0000022c00590000]
 total_blobs=1207 nmethods=826 adapters=293
 compilation: enabled
              stopped_count=0, restarted_count=0
 full_count=0

Compilation events (10 events):
Event: 0.709 Thread 0x0000022c78f0b000  818       1       java.util.concurrent.ConcurrentHashMap$MapEntry::getKey (5 bytes)
Event: 0.709 Thread 0x0000022c78f0b000 nmethod 818 0x0000022c07afa890 code [0x0000022c07afaa20, 0x0000022c07afaad8]
Event: 0.709 Thread 0x0000022c78f0b000  819       1       java.util.concurrent.ConcurrentHashMap$MapEntry::getValue (5 bytes)
Event: 0.709 Thread 0x0000022c78f0b000 nmethod 819 0x0000022c07afab90 code [0x0000022c07afad20, 0x0000022c07afadd8]
Event: 0.711 Thread 0x0000022c78f0b000  821       3       java.lang.Integer::reverseBytes (26 bytes)
Event: 0.711 Thread 0x0000022c78f0b000 nmethod 821 0x0000022c006dc490 code [0x0000022c006dc620, 0x0000022c006dc738]
Event: 0.711 Thread 0x0000022c78eea000  822       4       java.lang.Integer::reverseBytes (26 bytes)
Event: 0.711 Thread 0x0000022c78f0b000  823       3       sun.security.provider.SHA::implCompress0 (482 bytes)
Event: 0.711 Thread 0x0000022c78eea000 nmethod 822 0x0000022c07afb290 code [0x0000022c07afb400, 0x0000022c07afb478]
Event: 0.712 Thread 0x0000022c78f0b000 nmethod 823 0x0000022c006dc810 code [0x0000022c006dca20, 0x0000022c006dd2d8]

GC Heap History (2 events):
Event: 0.694 GC heap before
{Heap before GC invocations=0 (full 0):
 garbage-first heap   total 131072K, used 10240K [0x0000000080c00000, 0x0000000100000000)
  region size 1024K, 11 young (11264K), 0 survivors (0K)
 Metaspace       used 10689K, capacity 10802K, committed 10880K, reserved 1069056K
  class space    used 1037K, capacity 1091K, committed 1152K, reserved 1048576K
}
Event: 0.703 GC heap after
{Heap after GC invocations=1 (full 0):
 garbage-first heap   total 131072K, used 3708K [0x0000000080c00000, 0x0000000100000000)
  region size 1024K, 2 young (2048K), 2 survivors (2048K)
 Metaspace       used 10689K, capacity 10802K, committed 10880K, reserved 1069056K
  class space    used 1037K, capacity 1091K, committed 1152K, reserved 1048576K
}

Deoptimization events (10 events):
Event: 0.280 Thread 0x0000022c6a815800 Uncommon trap: reason=unstable_if action=reinterpret pc=0x0000022c07ac12f0 method=java.lang.String.isLatin1()Z @ 10 c2
Event: 0.481 Thread 0x0000022c6a815800 Uncommon trap: reason=unstable_if action=reinterpret pc=0x0000022c07acdda8 method=java.util.HashMap.putVal(ILjava/lang/Object;Ljava/lang/Object;ZZ)Ljava/lang/Object; @ 181 c2
Event: 0.505 Thread 0x0000022c6a815800 Uncommon trap: reason=unstable_if action=reinterpret pc=0x0000022c07ad7710 method=java.util.zip.ZipFile$Source.isMetaName([BII)Z @ 43 c2
Event: 0.572 Thread 0x0000022c6a815800 Uncommon trap: reason=bimorphic_or_optimized_type_check action=maybe_recompile pc=0x0000022c07ae19b0 method=java.util.HashMap.getNode(ILjava/lang/Object;)Ljava/util/HashMap$Node; @ 59 c2
Event: 0.601 Thread 0x0000022c6a815800 Uncommon trap: reason=bimorphic_or_optimized_type_check action=maybe_recompile pc=0x0000022c07aca694 method=java.util.AbstractCollection.isEmpty()Z @ 1 c2
Event: 0.601 Thread 0x0000022c6a815800 Uncommon trap: reason=bimorphic_or_optimized_type_check action=maybe_recompile pc=0x0000022c07aca694 method=java.util.AbstractCollection.isEmpty()Z @ 1 c2
Event: 0.602 Thread 0x0000022c6a815800 Uncommon trap: reason=bimorphic_or_optimized_type_check action=maybe_recompile pc=0x0000022c07aca694 method=java.util.AbstractCollection.isEmpty()Z @ 1 c2
Event: 0.602 Thread 0x0000022c6a815800 Uncommon trap: reason=bimorphic_or_optimized_type_check action=maybe_recompile pc=0x0000022c07aca694 method=java.util.AbstractCollection.isEmpty()Z @ 1 c2
Event: 0.660 Thread 0x0000022c6a815800 Uncommon trap: reason=unstable_if action=reinterpret pc=0x0000022c07ad7f60 method=java.io.WinNTFileSystem.isSlash(C)Z @ 9 c2
Event: 0.661 Thread 0x0000022c6a815800 Uncommon trap: reason=bimorphic_or_optimized_type_check action=maybe_recompile pc=0x0000022c07ae19b0 method=java.util.HashMap.getNode(ILjava/lang/Object;)Ljava/util/HashMap$Node; @ 59 c2

Classes redefined (0 events):
No events

Internal exceptions (9 events):
Event: 0.514 Thread 0x0000022c6a815800 Exception <a 'java/lang/NoClassDefFoundError'{0x00000000886d2f58}: org/slf4j/impl/StaticLoggerBinder> (0x00000000886d2f58) thrown at [./open/src/hotspot/share/classfile/systemDictionary.cpp, line 216]
Event: 0.527 Thread 0x0000022c6a815800 Exception <a 'java/lang/NoSuchMethodError'{0x0000000088557290}: java.lang.invoke.DirectMethodHandle$Holder.invokeStaticInit(Ljava/lang/Object;Ljava/lang/Object;)I> (0x0000000088557290) thrown at [./open/src/hotspot/share/interpreter/linkResolver.cpp, line
Event: 0.617 Thread 0x0000022c6a815800 Exception <a 'java/lang/NoSuchMethodError'{0x00000000883b02a0}: java.lang.invoke.DirectMethodHandle$Holder.invokeStatic(Ljava/lang/Object;Ljava/lang/Object;Ljava/lang/Object;Ljava/lang/Object;Ljava/lang/Object;Ljava/lang/Object;Ljava/lang/Object;Ljava/lan
Event: 0.618 Thread 0x0000022c6a815800 Exception <a 'java/lang/NoSuchMethodError'{0x00000000883be000}: java.lang.invoke.DirectMethodHandle$Holder.invokeStatic(Ljava/lang/Object;Ljava/lang/Object;Ljava/lang/Object;Ljava/lang/Object;Ljava/lang/Object;Ljava/lang/Object;Ljava/lang/Object;Ljava/lan
Event: 0.620 Thread 0x0000022c6a815800 Exception <a 'java/lang/NoSuchMethodError'{0x00000000883cd1a8}: java.lang.invoke.DirectMethodHandle$Holder.invokeSpecial(Ljava/lang/Object;Ljava/lang/Object;IILjava/lang/Object;Ljava/lang/Object;Ljava/lang/Object;)Ljava/lang/Object;> (0x00000000883cd1a8) 
Event: 0.620 Thread 0x0000022c6a815800 Exception <a 'java/lang/NoSuchMethodError'{0x00000000883d0730}: java.lang.invoke.DelegatingMethodHandle$Holder.reinvoke_L(Ljava/lang/Object;IILjava/lang/Object;Ljava/lang/Object;Ljava/lang/Object;)Ljava/lang/Object;> (0x00000000883d0730) thrown at [./open
Event: 0.620 Thread 0x0000022c6a815800 Exception <a 'java/lang/NoSuchMethodError'{0x00000000883d4908}: java.lang.invoke.DirectMethodHandle$Holder.invokeStatic(Ljava/lang/Object;Ljava/lang/Object;Ljava/lang/Object;Ljava/lang/Object;I)Ljava/lang/Object;> (0x00000000883d4908) thrown at [./open/sr
Event: 0.650 Thread 0x0000022c6a815800 Exception <a 'java/lang/ClassNotFoundException'{0x000000008826db48}: com/sun/org/apache/xerces/internal/impl/msg/spi/SAXMessagesProvider> (0x000000008826db48) thrown at [./open/src/hotspot/share/classfile/systemDictionary.cpp, line 227]
Event: 0.706 Thread 0x0000022c6a815800 Exception <a 'java/lang/NoSuchMethodError'{0x0000000088b06788}: java.lang.invoke.DirectMethodHandle$Holder.invokeStaticInit(Ljava/lang/Object;IIII)Ljava/lang/Object;> (0x0000000088b06788) thrown at [./open/src/hotspot/share/interpreter/linkResolver.cpp, l

Events (10 events):
Event: 0.709 Executing VM operation: RevokeBias done
Event: 0.709 loading class sun/security/provider/ByteArrayAccess
Event: 0.709 Thread 0x0000022c7a35c800 Thread added: 0x0000022c7a35c800
Event: 0.709 loading class sun/security/provider/ByteArrayAccess done
Event: 0.712 loading class java/net/NetworkInterface$1
Event: 0.712 loading class java/net/NetworkInterface$1 done
Event: 0.712 loading class java/net/InterfaceAddress
Event: 0.712 loading class java/net/InterfaceAddress done
Event: 0.712 loading class java/net/DefaultInterface
Event: 0.712 loading class java/net/DefaultInterface done


Dynamic libraries:
0x00007ff622150000 - 0x00007ff62215f000 	C:\Program Files\Java\jdk-11.0.13\bin\java.exe
0x00007ffa1aed0000 - 0x00007ffa1b0c5000 	C:\Windows\SYSTEM32\ntdll.dll
0x00007ffa198b0000 - 0x00007ffa1996d000 	C:\Windows\System32\KERNEL32.DLL
0x00007ffa188b0000 - 0x00007ffa18b7d000 	C:\Windows\System32\KERNELBASE.dll
0x00007ffa18e20000 - 0x00007ffa18f20000 	C:\Windows\System32\ucrtbase.dll
0x00007ffa13fe0000 - 0x00007ffa13ff8000 	C:\Program Files\Java\jdk-11.0.13\bin\jli.dll
0x00007ffa19710000 - 0x00007ffa197be000 	C:\Windows\System32\ADVAPI32.dll
0x00007ffa19120000 - 0x00007ffa191be000 	C:\Windows\System32\msvcrt.dll
0x00007ffa1a550000 - 0x00007ffa1a5ec000 	C:\Windows\System32\sechost.dll
0x00007ffa19370000 - 0x00007ffa19495000 	C:\Windows\System32\RPCRT4.dll
0x00007ffa19570000 - 0x00007ffa19710000 	C:\Windows\System32\USER32.dll
0x00007ffa185e0000 - 0x00007ffa18602000 	C:\Windows\System32\win32u.dll
0x00007ffa190d0000 - 0x00007ffa190fa000 	C:\Windows\System32\GDI32.dll
0x00007ffa18cc0000 - 0x00007ffa18dcb000 	C:\Windows\System32\gdi32full.dll
0x00007ffa18bb0000 - 0x00007ffa18c4d000 	C:\Windows\System32\msvcp_win.dll
0x00007ffa13fc0000 - 0x00007ffa13fd5000 	C:\Program Files\Java\jdk-11.0.13\bin\VCRUNTIME140.dll
0x00007ffa062c0000 - 0x00007ffa0655a000 	C:\Windows\WinSxS\amd64_microsoft.windows.common-controls_6595b64144ccf1df_6.0.19041.1110_none_60b5254171f9507e\COMCTL32.dll
0x00007ffa173d0000 - 0x00007ffa173da000 	C:\Windows\SYSTEM32\VERSION.dll
0x00007ffa191c0000 - 0x00007ffa191f0000 	C:\Windows\System32\IMM32.DLL
0x00007ff9ec1b0000 - 0x00007ff9ec24b000 	C:\Program Files\Java\jdk-11.0.13\bin\msvcp140.dll
0x00007ff9d92c0000 - 0x00007ff9d9dd3000 	C:\Program Files\Java\jdk-11.0.13\bin\server\jvm.dll
0x00007ffa1ac70000 - 0x00007ffa1ac78000 	C:\Windows\System32\PSAPI.DLL
0x00007ff9fac80000 - 0x00007ff9fac89000 	C:\Windows\SYSTEM32\WSOCK32.dll
0x00007ffa191f0000 - 0x00007ffa1925b000 	C:\Windows\System32\WS2_32.dll
0x00007ffa0abe0000 - 0x00007ffa0ac07000 	C:\Windows\SYSTEM32\WINMM.dll
0x00007ffa17390000 - 0x00007ffa173a2000 	C:\Windows\SYSTEM32\kernel.appcore.dll
0x00007ffa04400000 - 0x00007ffa04410000 	C:\Program Files\Java\jdk-11.0.13\bin\verify.dll
0x00007ffa01c10000 - 0x00007ffa01df4000 	C:\Windows\SYSTEM32\DBGHELP.DLL
0x00007ffa03980000 - 0x00007ffa039ac000 	C:\Windows\SYSTEM32\dbgcore.DLL
0x00007ffa18820000 - 0x00007ffa188a2000 	C:\Windows\System32\bcryptPrimitives.dll
0x00007ff9f9ac0000 - 0x00007ff9f9ae8000 	C:\Program Files\Java\jdk-11.0.13\bin\java.dll
0x00007ffa039b0000 - 0x00007ffa039ba000 	C:\Program Files\Java\jdk-11.0.13\bin\jimage.dll
0x00007ff9fadf0000 - 0x00007ff9fadfe000 	C:\Program Files\Java\jdk-11.0.13\bin\instrument.dll
0x00007ff9f9000000 - 0x00007ff9f9016000 	C:\Program Files\Java\jdk-11.0.13\bin\zip.dll
0x00007ffa19e00000 - 0x00007ffa1a544000 	C:\Windows\System32\SHELL32.dll
0x00007ffa16520000 - 0x00007ffa16cb4000 	C:\Windows\SYSTEM32\windows.storage.dll
0x00007ffa1a910000 - 0x00007ffa1ac64000 	C:\Windows\System32\combase.dll
0x00007ffa18040000 - 0x00007ffa1806c000 	C:\Windows\SYSTEM32\Wldp.dll
0x00007ffa192c0000 - 0x00007ffa1936d000 	C:\Windows\System32\SHCORE.dll
0x00007ffa1a6a0000 - 0x00007ffa1a6f5000 	C:\Windows\System32\shlwapi.dll
0x00007ffa18520000 - 0x00007ffa1853f000 	C:\Windows\SYSTEM32\profapi.dll
0x00007ff9f8ed0000 - 0x00007ff9f8ee9000 	C:\Program Files\Java\jdk-11.0.13\bin\net.dll
0x00007ffa123f0000 - 0x00007ffa124fa000 	C:\Windows\SYSTEM32\WINHTTP.dll
0x00007ffa17da0000 - 0x00007ffa17e0a000 	C:\Windows\system32\mswsock.dll
0x00007ff9f8eb0000 - 0x00007ff9f8ec2000 	C:\Program Files\Java\jdk-11.0.13\bin\nio.dll
0x00007ff9f8fe0000 - 0x00007ff9f8ffa000 	C:\Program Files\JetBrains\IntelliJ IDEA Community Edition 2021.3.3\bin\breakgen64.dll
0x00007ffa17f90000 - 0x00007ffa17fa8000 	C:\Windows\SYSTEM32\CRYPTSP.dll

dbghelp: loaded successfully - version: 4.0.5 - missing functions: none
symbol engine: initialized successfully - sym options: 0x614 - pdb path: .;C:\Program Files\Java\jdk-11.0.13\bin;C:\Windows\SYSTEM32;C:\Windows\WinSxS\amd64_microsoft.windows.common-controls_6595b64144ccf1df_6.0.19041.1110_none_60b5254171f9507e;C:\Program Files\Java\jdk-11.0.13\bin\server;C:\Program Files\JetBrains\IntelliJ IDEA Community Edition 2021.3.3\bin

VM Arguments:
jvm_args: -ea -Didea.test.cyclic.buffer.size=1048576 -javaagent:C:\Program Files\JetBrains\IntelliJ IDEA Community Edition 2021.3.3\lib\idea_rt.jar=64281:C:\Program Files\JetBrains\IntelliJ IDEA Community Edition 2021.3.3\bin -Dfile.encoding=UTF-8 
java_command: com.intellij.rt.testng.RemoteTestNGStarter -usedefaultlisteners false -socket64280 @w@C:\Users\Admin\AppData\Local\Temp\idea_working_dirs_testng1.tmp -temp C:\Users\Admin\AppData\Local\Temp\idea_testng1.tmp
java_class_path (initial): C:\Program Files\JetBrains\IntelliJ IDEA Community Edition 2021.3.3\lib\idea_rt.jar;C:\Program Files\JetBrains\IntelliJ IDEA Community Edition 2021.3.3\plugins\testng\lib\testng-rt.jar;C:\Users\Admin\IdeaProjects\Hanhht4_Assignment6\target\classes;C:\Users\Admin\.m2\repository\org\testng\testng\7.5\testng-7.5.jar;C:\Users\Admin\.m2\repository\com\google\code\findbugs\jsr305\3.0.1\jsr305-3.0.1.jar;C:\Users\Admin\.m2\repository\org\slf4j\slf4j-api\1.7.32\slf4j-api-1.7.32.jar;C:\Users\Admin\.m2\repository\com\beust\jcommander\1.78\jcommander-1.78.jar;C:\Users\Admin\.m2\repository\org\webjars\jquery\3.5.1\jquery-3.5.1.jar;C:\Users\Admin\.m2\repository\org\seleniumhq\selenium\selenium-java\4.1.4\selenium-java-4.1.4.jar;C:\Users\Admin\.m2\repository\org\seleniumhq\selenium\selenium-api\4.1.4\selenium-api-4.1.4.jar;C:\Users\Admin\.m2\repository\org\seleniumhq\selenium\selenium-chrome-driver\4.1.4\selenium-chrome-driver-4.1.4.jar;C:\Users\Admin\.m2\repository\com\google\auto\service\auto-service-annotations\1.0.1\auto-service-annotations-1.0.1.jar;C:\Users\Admin\.m2\repository\com\google\auto\service\auto-service\1.0.1\auto-service-1.0.1.jar;C:\Users\Admin\.m2\repository\com\google\auto\auto-common\1.2\auto-common-1.2.jar;C:\Users\Admin\.m2\repository\com\google\guava\guava\31.1-jre\guava-31.1-jre.jar;C:\Users\Admin\.m2\repository\com\google\guava\failureaccess\1.0.1\failureaccess-1.0.1.jar;C:\Users\Admin\.m2\repository\com\google\guava\listenablefuture\9999.0-empty-to-avoid-conflict-with-guava\listenablefuture-9999.0-empty-to-avoid-conflict-with-guava.jar;C:\Users\Admin\.m2\repository\org\checkerframework\checker-qual\3.12.0\checker-qual-3.12.0.jar;C:\Users\Admin\.m2\repository\com\google\errorprone\error_prone_annotations\2.11.0\error_prone_annotations-2.11.0.jar;C:\Users\Admin\.m2\repository\com\google\j2objc\j2objc-annotations\1.3\j2objc-annotations-1.3.jar;C:\Users\Admin\.m2\repository\org\seleniumhq\selenium\selenium-chromium-driver\4.1.4\
Launcher Type: SUN_STANDARD

[Global flags]
     intx CICompilerCount                          = 3                                         {product} {ergonomic}
     uint ConcGCThreads                            = 1                                         {product} {ergonomic}
     uint G1ConcRefinementThreads                  = 4                                         {product} {ergonomic}
   size_t G1HeapRegionSize                         = 1048576                                   {product} {ergonomic}
    uintx GCDrainStackTargetSize                   = 64                                        {product} {ergonomic}
   size_t InitialHeapSize                          = 134217728                                 {product} {ergonomic}
   size_t MarkStackSize                            = 4194304                                   {product} {ergonomic}
   size_t MaxHeapSize                              = 2134900736                                {product} {ergonomic}
   size_t MaxNewSize                               = 1280311296                                {product} {ergonomic}
   size_t MinHeapDeltaBytes                        = 1048576                                   {product} {ergonomic}
    uintx NonNMethodCodeHeapSize                   = 5830732                                {pd product} {ergonomic}
    uintx NonProfiledCodeHeapSize                  = 122913754                              {pd product} {ergonomic}
    uintx ProfiledCodeHeapSize                     = 122913754                              {pd product} {ergonomic}
    uintx ReservedCodeCacheSize                    = 251658240                              {pd product} {ergonomic}
     bool SegmentedCodeCache                       = true                                      {product} {ergonomic}
     bool UseCompressedClassPointers               = true                                 {lp64_product} {ergonomic}
     bool UseCompressedOops                        = true                                 {lp64_product} {ergonomic}
     bool UseG1GC                                  = true                                      {product} {ergonomic}
     bool UseLargePagesIndividualAllocation        = false                                  {pd product} {ergonomic}

Logging:
Log output configuration:
 #0: stdout all=warning uptime,level,tags
 #1: stderr all=off uptime,level,tags

Environment Variables:
JAVA_HOME=C:\Program Files\Java\jdk-11.0.13
PATH=C:\Program Files\Microsoft MPI\Bin\;C:\Program Files\Common Files\Oracle\Java\javapath;C:\Program Files (x86)\Common Files\Oracle\Java\javapath;C:\Windows\system32;C:\Windows;C:\Windows\System32\Wbem;C:\Windows\System32\WindowsPowerShell\v1.0\;C:\Windows\System32\OpenSSH\;C:\Program Files\dotnet\;C:\Program Files (x86)\dotnet\;C:\Program Files\Microsoft SQL Server\Client SDK\ODBC\170\Tools\Binn\;C:\Program Files (x86)\Microsoft SQL Server\150\Tools\Binn\;C:\Program Files\Microsoft SQL Server\150\Tools\Binn\;C:\Program Files\Microsoft SQL Server\150\DTS\Binn\;C:\Program Files (x86)\Microsoft SQL Server\150\DTS\Binn\;C:\Program Files\Azure Data Studio\bin;C:\Program Files\Java\jdk-11.0.13\bin;C:\Program Files\Java\apache-maven-3.8.1\bin;C:\Program Files\TortoiseSVN\bin;C:\Program Files\Git\cmd;C:\Program Files\Microsoft SQL Server\Client SDK\ODBC\130\Tools\Binn\;C:\Program Files (x86)\Microsoft SQL Server\140\Tools\Binn\;C:\Program Files\Microsoft SQL Server\140\Tools\Binn\;C:\Program Files\Microsoft SQL Server\140\DTS\Binn\;C:\Program Files (x86)\Microsoft SQL Server\140\DTS\Binn\;C:\Program Files\MySQL\MySQL Shell 8.0\bin\;C:\Users\Admin\AppData\Local\Microsoft\WindowsApps;C:\Users\Admin\AppData\Local\Programs\Microsoft VS Code\bin;C:\Program Files\JetBrains\IntelliJ IDEA Community Edition 2021.3.3\bin
USERNAME=Admin
OS=Windows_NT
PROCESSOR_IDENTIFIER=Intel64 Family 6 Model 158 Stepping 11, GenuineIntel



---------------  S Y S T E M  ---------------

OS: Windows 10 , 64 bit Build 19041 (10.0.19041.1706)

CPU:total 4 (initial active 4) (4 cores per cpu, 1 threads per core) family 6 model 158 stepping 11 microcode 0xb4, cmov, cx8, fxsr, mmx, sse, sse2, sse3, ssse3, sse4.1, sse4.2, popcnt, avx, avx2, aes, clmul, erms, 3dnowpref, lzcnt, tsc, tscinvbit, bmi1, bmi2, adx, fma

Memory: 4k page, system-wide physical 8137M (566M free)
TotalPageFile size 32713M (AvailPageFile size 223M)
current process WorkingSet (physical memory assigned to process): 61M, peak: 61M
current process commit charge ("private bytes"): 211M, peak: 211M

vm_info: Java HotSpot(TM) 64-Bit Server VM (11.0.13+10-LTS-370) for windows-amd64 JRE (11.0.13+10-LTS-370), built on Sep 15 2021 22:10:36 by "mach5one" with MS VC++ 15.9 (VS2017)

END.
