#
# There is insufficient memory for the Java Runtime Environment to continue.
# Native memory allocation (malloc) failed to allocate 1048576 bytes for AllocateHeap
# Possible reasons:
#   The system is out of physical RAM or swap space
#   The process is running with CompressedOops enabled, and the Java Heap may be blocking the growth of the native heap
# Possible solutions:
#   Reduce memory load on the system
#   Increase physical memory or swap space
#   Check if swap backing store is full
#   Decrease Java heap size (-Xmx/-Xms)
#   Decrease number of Java threads
#   Decrease Java thread stack sizes (-Xss)
#   Set larger code cache with -XX:ReservedCodeCacheSize=
#   JVM is running with Unscaled Compressed Oops mode in which the Java heap is
#     placed in the first 4GB address space. The Java Heap base address is the
#     maximum limit for the native heap growth. Please use -XX:HeapBaseMinAddress
#     to set the Java Heap base and to place the Java Heap above 4GB virtual address.
# This output file may be truncated or incomplete.
#
#  Out of Memory Error (./open/src/hotspot/share/memory/allocation.cpp:46), pid=391316, tid=387980
#
# JRE version: Java(TM) SE Runtime Environment 18.9 (11.0.13+10) (build 11.0.13+10-LTS-370)
# Java VM: Java HotSpot(TM) 64-Bit Server VM 18.9 (11.0.13+10-LTS-370, mixed mode, tiered, compressed oops, g1 gc, windows-amd64)
# No core dump will be written. Minidumps are not enabled by default on client versions of Windows
#

---------------  S U M M A R Y ------------

Command Line: -ea -Didea.test.cyclic.buffer.size=1048576 -javaagent:C:\Program Files\JetBrains\IntelliJ IDEA Community Edition 2021.3.3\lib\idea_rt.jar=59926:C:\Program Files\JetBrains\IntelliJ IDEA Community Edition 2021.3.3\bin -Dfile.encoding=UTF-8 com.intellij.rt.testng.RemoteTestNGStarter -usedefaultlisteners false -socket59925 @w@C:\Users\Admin\AppData\Local\Temp\idea_working_dirs_testng.tmp -temp C:\Users\Admin\AppData\Local\Temp\idea_testng.tmp

Host: Intel(R) Core(TM) i3-9100F CPU @ 3.60GHz, 4 cores, 7G,  Windows 10 , 64 bit Build 19041 (10.0.19041.1706)
Time: Sun May 22 12:09:20 2022 Pacific Daylight Time elapsed time: 1.455451 seconds (0d 0h 0m 1s)

---------------  T H R E A D  ---------------

Current thread (0x00000207adf86800):  VMThread "VM Thread" [stack: 0x000000b7d4800000,0x000000b7d4900000] [id=387980]

Stack: [0x000000b7d4800000,0x000000b7d4900000]
[error occurred during error reporting (printing stack bounds), id 0xc0000005, EXCEPTION_ACCESS_VIOLATION (0xc0000005) at pc=0x0000020797f00f2d]

Native frames: (J=compiled Java code, j=interpreted, Vv=VM code, C=native code)
V  [jvm.dll+0x62870a]
V  [jvm.dll+0x761f2f]
V  [jvm.dll+0x7635d9]
V  [jvm.dll+0x763bc5]
V  [jvm.dll+0x763b7b]
V  [jvm.dll+0x627c53]
V  [jvm.dll+0x628308]
C  [ntdll.dll+0xa209f]
C  [ntdll.dll+0x51454]
C  [ntdll.dll+0xa0bce]
C  0x0000020797f00f2d

VM_Operation (0x000000b7d42f7f60): CollectForMetadataAllocation, mode: safepoint, requested by thread 0x00000207908d8000


---------------  P R O C E S S  ---------------

Threads class SMR info:
_java_thread_list=0x00000207afdb11f0, length=14, elements={
0x00000207908d8000, 0x00000207adf8a800, 0x00000207adf96000, 0x00000207ae912800,
0x00000207adfa1800, 0x00000207adfa5800, 0x00000207adfa9800, 0x00000207adfcd800,
0x00000207ae95e800, 0x00000207aea57000, 0x00000207aeccd000, 0x00000207afd22000,
0x00000207afcb6800, 0x00000207afdea000
}

Java Threads: ( => current thread )
  0x00000207908d8000 JavaThread "main" [_thread_blocked, id=387304, stack(0x000000b7d4200000,0x000000b7d4300000)]
  0x00000207adf8a800 JavaThread "Reference Handler" daemon [_thread_blocked, id=388468, stack(0x000000b7d4900000,0x000000b7d4a00000)]
  0x00000207adf96000 JavaThread "Finalizer" daemon [_thread_blocked, id=383824, stack(0x000000b7d4a00000,0x000000b7d4b00000)]
  0x00000207ae912800 JavaThread "Signal Dispatcher" daemon [_thread_blocked, id=392184, stack(0x000000b7d4b00000,0x000000b7d4c00000)]
  0x00000207adfa1800 JavaThread "Attach Listener" daemon [_thread_blocked, id=392064, stack(0x000000b7d4c00000,0x000000b7d4d00000)]
  0x00000207adfa5800 JavaThread "Service Thread" daemon [_thread_blocked, id=391356, stack(0x000000b7d4d00000,0x000000b7d4e00000)]
  0x00000207adfa9800 JavaThread "C2 CompilerThread0" daemon [_thread_blocked, id=374592, stack(0x000000b7d4e00000,0x000000b7d4f00000)]
  0x00000207adfcd800 JavaThread "C1 CompilerThread0" daemon [_thread_blocked, id=392028, stack(0x000000b7d4f00000,0x000000b7d5000000)]
  0x00000207ae95e800 JavaThread "Sweeper thread" daemon [_thread_blocked, id=391736, stack(0x000000b7d5000000,0x000000b7d5100000)]
  0x00000207aea57000 JavaThread "Common-Cleaner" daemon [_thread_blocked, id=391888, stack(0x000000b7d5100000,0x000000b7d5200000)]
  0x00000207aeccd000 JavaThread "Monitor Ctrl-Break" daemon [_thread_in_native, id=391896, stack(0x000000b7d5300000,0x000000b7d5400000)]
  0x00000207afd22000 JavaThread "ForkJoinPool.commonPool-worker-3" daemon [_thread_blocked, id=391020, stack(0x000000b7d5600000,0x000000b7d5700000)]
  0x00000207afcb6800 JavaThread "AsyncHttpClient-1-1" daemon [_thread_blocked, id=391016, stack(0x000000b7d5700000,0x000000b7d5800000)]
  0x00000207afdea000 JavaThread "C2 CompilerThread1" daemon [_thread_blocked, id=391856, stack(0x000000b7d5800000,0x000000b7d5900000)]

Other Threads:
=>0x00000207adf86800 VMThread "VM Thread" [stack: 0x000000b7d4800000,0x000000b7d4900000] [id=387980]
  0x00000207aecce000 WatcherThread [stack: 0x000000b7d5400000,0x000000b7d5500000] [id=391900]
  0x00000207908ee800 GCTaskThread "GC Thread#0" [stack: 0x000000b7d4300000,0x000000b7d4400000] [id=380652]
  0x00000207af235800 GCTaskThread "GC Thread#1" [stack: 0x000000b7d5200000,0x000000b7d5300000] [id=392024]
  0x00000207af1b4000 GCTaskThread "GC Thread#2" [stack: 0x000000b7d5500000,0x000000b7d5600000] [id=392056]
  0x000002079091d800 ConcurrentGCThread "G1 Main Marker" [stack: 0x000000b7d4400000,0x000000b7d4500000] [id=388360]
  0x000002079091f000 ConcurrentGCThread "G1 Conc#0" [stack: 0x000000b7d4500000,0x000000b7d4600000] [id=389352]
  0x00000207909ad800 ConcurrentGCThread "G1 Refine#0" [stack: 0x000000b7d4600000,0x000000b7d4700000] [id=387700]
  0x00000207909ae800 ConcurrentGCThread "G1 Young RemSet Sampling" [stack: 0x000000b7d4700000,0x000000b7d4800000] [id=387672]

Threads with active compile tasks:

VM state:at safepoint (normal execution)

VM Mutex/Monitor currently owned by a thread:  ([mutex/lock_event])
[0x00000207908d5100] Threads_lock - owner thread: 0x00000207adf86800
[0x00000207908d3ba0] Heap_lock - owner thread: 0x00000207908d8000

Heap address: 0x0000000080c00000, size: 2036 MB, Compressed Oops mode: 32-bit
Narrow klass base: 0x0000000000000000, Narrow klass shift: 3
Compressed class space size: 1073741824 Address: 0x0000000100000000

Heap:
 garbage-first heap   total 131072K, used 7088K [0x0000000080c00000, 0x0000000100000000)
  region size 1024K, 3 young (3072K), 3 survivors (3072K)
 Metaspace       used 21275K, capacity 21730K, committed 21760K, reserved 1085440K
  class space    used 2322K, capacity 2538K, committed 2560K, reserved 1048576K
Heap Regions: E=young(eden), S=young(survivor), O=old, HS=humongous(starts), HC=humongous(continues), CS=collection set, F=free, A=archive, TAMS=top-at-mark-start (previous, next)
|   0|0x0000000080c00000, 0x0000000080d00000, 0x0000000080d00000|100%| O|  |TAMS 0x0000000080d00000, 0x0000000080d00000| Untracked 
|   1|0x0000000080d00000, 0x0000000080e00000, 0x0000000080e00000|100%| O|  |TAMS 0x0000000080e00000, 0x0000000080e00000| Untracked 
|   2|0x0000000080e00000, 0x0000000080f00000, 0x0000000080f00000|100%| O|  |TAMS 0x0000000080f00000, 0x0000000080f00000| Untracked 
|   3|0x0000000080f00000, 0x0000000081000000, 0x0000000081000000|100%| O|  |TAMS 0x0000000081000000, 0x0000000081000000| Untracked 
|   4|0x0000000081000000, 0x0000000081067800, 0x0000000081100000| 40%| O|  |TAMS 0x0000000081000000, 0x0000000081067800| Untracked 
|   5|0x0000000081100000, 0x0000000081100000, 0x0000000081200000|  0%| F|  |TAMS 0x0000000081100000, 0x0000000081100000| Untracked 
|   6|0x0000000081200000, 0x0000000081200000, 0x0000000081300000|  0%| F|  |TAMS 0x0000000081200000, 0x0000000081200000| Untracked 
|   7|0x0000000081300000, 0x0000000081300000, 0x0000000081400000|  0%| F|  |TAMS 0x0000000081300000, 0x0000000081300000| Untracked 
|   8|0x0000000081400000, 0x0000000081400000, 0x0000000081500000|  0%| F|  |TAMS 0x0000000081400000, 0x0000000081400000| Untracked 
|   9|0x0000000081500000, 0x0000000081500000, 0x0000000081600000|  0%| F|  |TAMS 0x0000000081500000, 0x0000000081500000| Untracked 
|  10|0x0000000081600000, 0x0000000081600000, 0x0000000081700000|  0%| F|  |TAMS 0x0000000081600000, 0x0000000081600000| Untracked 
|  11|0x0000000081700000, 0x0000000081700000, 0x0000000081800000|  0%| F|  |TAMS 0x0000000081700000, 0x0000000081700000| Untracked 
|  12|0x0000000081800000, 0x0000000081800000, 0x0000000081900000|  0%| F|  |TAMS 0x0000000081800000, 0x0000000081800000| Untracked 
|  13|0x0000000081900000, 0x0000000081900000, 0x0000000081a00000|  0%| F|  |TAMS 0x0000000081900000, 0x0000000081900000| Untracked 
|  14|0x0000000081a00000, 0x0000000081a00000, 0x0000000081b00000|  0%| F|  |TAMS 0x0000000081a00000, 0x0000000081a00000| Untracked 
|  15|0x0000000081b00000, 0x0000000081b00000, 0x0000000081c00000|  0%| F|  |TAMS 0x0000000081b00000, 0x0000000081b00000| Untracked 
|  16|0x0000000081c00000, 0x0000000081c00000, 0x0000000081d00000|  0%| F|  |TAMS 0x0000000081c00000, 0x0000000081c00000| Untracked 
|  17|0x0000000081d00000, 0x0000000081d00000, 0x0000000081e00000|  0%| F|  |TAMS 0x0000000081d00000, 0x0000000081d00000| Untracked 
|  18|0x0000000081e00000, 0x0000000081e00000, 0x0000000081f00000|  0%| F|  |TAMS 0x0000000081e00000, 0x0000000081e00000| Untracked 
|  19|0x0000000081f00000, 0x0000000081f00000, 0x0000000082000000|  0%| F|  |TAMS 0x0000000081f00000, 0x0000000081f00000| Untracked 
|  20|0x0000000082000000, 0x0000000082000000, 0x0000000082100000|  0%| F|  |TAMS 0x0000000082000000, 0x0000000082000000| Untracked 
|  21|0x0000000082100000, 0x0000000082100000, 0x0000000082200000|  0%| F|  |TAMS 0x0000000082100000, 0x0000000082100000| Untracked 
|  22|0x0000000082200000, 0x0000000082200000, 0x0000000082300000|  0%| F|  |TAMS 0x0000000082200000, 0x0000000082200000| Untracked 
|  23|0x0000000082300000, 0x0000000082300000, 0x0000000082400000|  0%| F|  |TAMS 0x0000000082300000, 0x0000000082300000| Untracked 
|  24|0x0000000082400000, 0x0000000082400000, 0x0000000082500000|  0%| F|  |TAMS 0x0000000082400000, 0x0000000082400000| Untracked 
|  25|0x0000000082500000, 0x0000000082500000, 0x0000000082600000|  0%| F|  |TAMS 0x0000000082500000, 0x0000000082500000| Untracked 
|  26|0x0000000082600000, 0x0000000082600000, 0x0000000082700000|  0%| F|  |TAMS 0x0000000082600000, 0x0000000082600000| Untracked 
|  27|0x0000000082700000, 0x0000000082700000, 0x0000000082800000|  0%| F|  |TAMS 0x0000000082700000, 0x0000000082700000| Untracked 
|  28|0x0000000082800000, 0x0000000082800000, 0x0000000082900000|  0%| F|  |TAMS 0x0000000082800000, 0x0000000082800000| Untracked 
|  29|0x0000000082900000, 0x0000000082900000, 0x0000000082a00000|  0%| F|  |TAMS 0x0000000082900000, 0x0000000082900000| Untracked 
|  30|0x0000000082a00000, 0x0000000082a00000, 0x0000000082b00000|  0%| F|  |TAMS 0x0000000082a00000, 0x0000000082a00000| Untracked 
|  31|0x0000000082b00000, 0x0000000082b00000, 0x0000000082c00000|  0%| F|  |TAMS 0x0000000082b00000, 0x0000000082b00000| Untracked 
|  32|0x0000000082c00000, 0x0000000082c00000, 0x0000000082d00000|  0%| F|  |TAMS 0x0000000082c00000, 0x0000000082c00000| Untracked 
|  33|0x0000000082d00000, 0x0000000082d00000, 0x0000000082e00000|  0%| F|  |TAMS 0x0000000082d00000, 0x0000000082d00000| Untracked 
|  34|0x0000000082e00000, 0x0000000082e00000, 0x0000000082f00000|  0%| F|  |TAMS 0x0000000082e00000, 0x0000000082e00000| Untracked 
|  35|0x0000000082f00000, 0x0000000082f00000, 0x0000000083000000|  0%| F|  |TAMS 0x0000000082f00000, 0x0000000082f00000| Untracked 
|  36|0x0000000083000000, 0x0000000083000000, 0x0000000083100000|  0%| F|  |TAMS 0x0000000083000000, 0x0000000083000000| Untracked 
|  37|0x0000000083100000, 0x0000000083100000, 0x0000000083200000|  0%| F|  |TAMS 0x0000000083100000, 0x0000000083100000| Untracked 
|  38|0x0000000083200000, 0x0000000083200000, 0x0000000083300000|  0%| F|  |TAMS 0x0000000083200000, 0x0000000083200000| Untracked 
|  39|0x0000000083300000, 0x0000000083300000, 0x0000000083400000|  0%| F|  |TAMS 0x0000000083300000, 0x0000000083300000| Untracked 
|  40|0x0000000083400000, 0x0000000083400000, 0x0000000083500000|  0%| F|  |TAMS 0x0000000083400000, 0x0000000083400000| Untracked 
|  41|0x0000000083500000, 0x0000000083500000, 0x0000000083600000|  0%| F|  |TAMS 0x0000000083500000, 0x0000000083500000| Untracked 
|  42|0x0000000083600000, 0x0000000083600000, 0x0000000083700000|  0%| F|  |TAMS 0x0000000083600000, 0x0000000083600000| Untracked 
|  43|0x0000000083700000, 0x0000000083700000, 0x0000000083800000|  0%| F|  |TAMS 0x0000000083700000, 0x0000000083700000| Untracked 
|  44|0x0000000083800000, 0x0000000083800000, 0x0000000083900000|  0%| F|  |TAMS 0x0000000083800000, 0x0000000083800000| Untracked 
|  45|0x0000000083900000, 0x0000000083900000, 0x0000000083a00000|  0%| F|  |TAMS 0x0000000083900000, 0x0000000083900000| Untracked 
|  46|0x0000000083a00000, 0x0000000083a00000, 0x0000000083b00000|  0%| F|  |TAMS 0x0000000083a00000, 0x0000000083a00000| Untracked 
|  47|0x0000000083b00000, 0x0000000083b00000, 0x0000000083c00000|  0%| F|  |TAMS 0x0000000083b00000, 0x0000000083b00000| Untracked 
|  48|0x0000000083c00000, 0x0000000083c00000, 0x0000000083d00000|  0%| F|  |TAMS 0x0000000083c00000, 0x0000000083c00000| Untracked 
|  49|0x0000000083d00000, 0x0000000083d00000, 0x0000000083e00000|  0%| F|  |TAMS 0x0000000083d00000, 0x0000000083d00000| Untracked 
|  50|0x0000000083e00000, 0x0000000083e00000, 0x0000000083f00000|  0%| F|  |TAMS 0x0000000083e00000, 0x0000000083e00000| Untracked 
|  51|0x0000000083f00000, 0x0000000083f00000, 0x0000000084000000|  0%| F|  |TAMS 0x0000000083f00000, 0x0000000083f00000| Untracked 
|  52|0x0000000084000000, 0x0000000084000000, 0x0000000084100000|  0%| F|  |TAMS 0x0000000084000000, 0x0000000084000000| Untracked 
|  53|0x0000000084100000, 0x0000000084100000, 0x0000000084200000|  0%| F|  |TAMS 0x0000000084100000, 0x0000000084100000| Untracked 
|  54|0x0000000084200000, 0x0000000084200000, 0x0000000084300000|  0%| F|  |TAMS 0x0000000084200000, 0x0000000084200000| Untracked 
|  55|0x0000000084300000, 0x0000000084300000, 0x0000000084400000|  0%| F|  |TAMS 0x0000000084300000, 0x0000000084300000| Untracked 
|  56|0x0000000084400000, 0x0000000084400000, 0x0000000084500000|  0%| F|  |TAMS 0x0000000084400000, 0x0000000084400000| Untracked 
|  57|0x0000000084500000, 0x0000000084500000, 0x0000000084600000|  0%| F|  |TAMS 0x0000000084500000, 0x0000000084500000| Untracked 
|  58|0x0000000084600000, 0x0000000084600000, 0x0000000084700000|  0%| F|  |TAMS 0x0000000084600000, 0x0000000084600000| Untracked 
|  59|0x0000000084700000, 0x0000000084700000, 0x0000000084800000|  0%| F|  |TAMS 0x0000000084700000, 0x0000000084700000| Untracked 
|  60|0x0000000084800000, 0x0000000084800000, 0x0000000084900000|  0%| F|  |TAMS 0x0000000084800000, 0x0000000084800000| Untracked 
|  61|0x0000000084900000, 0x0000000084900000, 0x0000000084a00000|  0%| F|  |TAMS 0x0000000084900000, 0x0000000084900000| Untracked 
|  62|0x0000000084a00000, 0x0000000084a00000, 0x0000000084b00000|  0%| F|  |TAMS 0x0000000084a00000, 0x0000000084a00000| Untracked 
|  63|0x0000000084b00000, 0x0000000084b00000, 0x0000000084c00000|  0%| F|  |TAMS 0x0000000084b00000, 0x0000000084b00000| Untracked 
|  64|0x0000000084c00000, 0x0000000084c00000, 0x0000000084d00000|  0%| F|  |TAMS 0x0000000084c00000, 0x0000000084c00000| Untracked 
|  65|0x0000000084d00000, 0x0000000084d00000, 0x0000000084e00000|  0%| F|  |TAMS 0x0000000084d00000, 0x0000000084d00000| Untracked 
|  66|0x0000000084e00000, 0x0000000084e00000, 0x0000000084f00000|  0%| F|  |TAMS 0x0000000084e00000, 0x0000000084e00000| Untracked 
|  67|0x0000000084f00000, 0x0000000084f00000, 0x0000000085000000|  0%| F|  |TAMS 0x0000000084f00000, 0x0000000084f00000| Untracked 
|  68|0x0000000085000000, 0x0000000085000000, 0x0000000085100000|  0%| F|  |TAMS 0x0000000085000000, 0x0000000085000000| Untracked 
|  69|0x0000000085100000, 0x0000000085100000, 0x0000000085200000|  0%| F|  |TAMS 0x0000000085100000, 0x0000000085100000| Untracked 
|  70|0x0000000085200000, 0x0000000085200000, 0x0000000085300000|  0%| F|  |TAMS 0x0000000085200000, 0x0000000085200000| Untracked 
|  71|0x0000000085300000, 0x0000000085300000, 0x0000000085400000|  0%| F|  |TAMS 0x0000000085300000, 0x0000000085300000| Untracked 
|  72|0x0000000085400000, 0x0000000085400000, 0x0000000085500000|  0%| F|  |TAMS 0x0000000085400000, 0x0000000085400000| Untracked 
|  73|0x0000000085500000, 0x0000000085500000, 0x0000000085600000|  0%| F|  |TAMS 0x0000000085500000, 0x0000000085500000| Untracked 
|  74|0x0000000085600000, 0x0000000085600000, 0x0000000085700000|  0%| F|  |TAMS 0x0000000085600000, 0x0000000085600000| Untracked 
|  75|0x0000000085700000, 0x0000000085700000, 0x0000000085800000|  0%| F|  |TAMS 0x0000000085700000, 0x0000000085700000| Untracked 
|  76|0x0000000085800000, 0x0000000085800000, 0x0000000085900000|  0%| F|  |TAMS 0x0000000085800000, 0x0000000085800000| Untracked 
|  77|0x0000000085900000, 0x0000000085900000, 0x0000000085a00000|  0%| F|  |TAMS 0x0000000085900000, 0x0000000085900000| Untracked 
|  78|0x0000000085a00000, 0x0000000085a00000, 0x0000000085b00000|  0%| F|  |TAMS 0x0000000085a00000, 0x0000000085a00000| Untracked 
|  79|0x0000000085b00000, 0x0000000085b00000, 0x0000000085c00000|  0%| F|  |TAMS 0x0000000085b00000, 0x0000000085b00000| Untracked 
|  80|0x0000000085c00000, 0x0000000085c00000, 0x0000000085d00000|  0%| F|  |TAMS 0x0000000085c00000, 0x0000000085c00000| Untracked 
|  81|0x0000000085d00000, 0x0000000085d00000, 0x0000000085e00000|  0%| F|  |TAMS 0x0000000085d00000, 0x0000000085d00000| Untracked 
|  82|0x0000000085e00000, 0x0000000085e00000, 0x0000000085f00000|  0%| F|  |TAMS 0x0000000085e00000, 0x0000000085e00000| Untracked 
|  83|0x0000000085f00000, 0x0000000085f00000, 0x0000000086000000|  0%| F|  |TAMS 0x0000000085f00000, 0x0000000085f00000| Untracked 
|  84|0x0000000086000000, 0x0000000086000000, 0x0000000086100000|  0%| F|  |TAMS 0x0000000086000000, 0x0000000086000000| Untracked 
|  85|0x0000000086100000, 0x0000000086100000, 0x0000000086200000|  0%| F|  |TAMS 0x0000000086100000, 0x0000000086100000| Untracked 
|  86|0x0000000086200000, 0x0000000086200000, 0x0000000086300000|  0%| F|  |TAMS 0x0000000086200000, 0x0000000086200000| Untracked 
|  87|0x0000000086300000, 0x0000000086300000, 0x0000000086400000|  0%| F|  |TAMS 0x0000000086300000, 0x0000000086300000| Untracked 
|  88|0x0000000086400000, 0x0000000086400000, 0x0000000086500000|  0%| F|  |TAMS 0x0000000086400000, 0x0000000086400000| Untracked 
|  89|0x0000000086500000, 0x0000000086500000, 0x0000000086600000|  0%| F|  |TAMS 0x0000000086500000, 0x0000000086500000| Untracked 
|  90|0x0000000086600000, 0x0000000086600000, 0x0000000086700000|  0%| F|  |TAMS 0x0000000086600000, 0x0000000086600000| Untracked 
|  91|0x0000000086700000, 0x0000000086700000, 0x0000000086800000|  0%| F|  |TAMS 0x0000000086700000, 0x0000000086700000| Untracked 
|  92|0x0000000086800000, 0x0000000086800000, 0x0000000086900000|  0%| F|  |TAMS 0x0000000086800000, 0x0000000086800000| Untracked 
|  93|0x0000000086900000, 0x0000000086900000, 0x0000000086a00000|  0%| F|  |TAMS 0x0000000086900000, 0x0000000086900000| Untracked 
|  94|0x0000000086a00000, 0x0000000086a00000, 0x0000000086b00000|  0%| F|  |TAMS 0x0000000086a00000, 0x0000000086a00000| Untracked 
|  95|0x0000000086b00000, 0x0000000086b00000, 0x0000000086c00000|  0%| F|  |TAMS 0x0000000086b00000, 0x0000000086b00000| Untracked 
|  96|0x0000000086c00000, 0x0000000086c00000, 0x0000000086d00000|  0%| F|  |TAMS 0x0000000086c00000, 0x0000000086c00000| Untracked 
|  97|0x0000000086d00000, 0x0000000086d00000, 0x0000000086e00000|  0%| F|  |TAMS 0x0000000086d00000, 0x0000000086d00000| Untracked 
|  98|0x0000000086e00000, 0x0000000086e00000, 0x0000000086f00000|  0%| F|  |TAMS 0x0000000086e00000, 0x0000000086e00000| Untracked 
|  99|0x0000000086f00000, 0x0000000086f00000, 0x0000000087000000|  0%| F|  |TAMS 0x0000000086f00000, 0x0000000086f00000| Untracked 
| 100|0x0000000087000000, 0x0000000087000000, 0x0000000087100000|  0%| F|  |TAMS 0x0000000087000000, 0x0000000087000000| Untracked 
| 101|0x0000000087100000, 0x0000000087100000, 0x0000000087200000|  0%| F|  |TAMS 0x0000000087100000, 0x0000000087100000| Untracked 
| 102|0x0000000087200000, 0x0000000087200000, 0x0000000087300000|  0%| F|  |TAMS 0x0000000087200000, 0x0000000087200000| Untracked 
| 103|0x0000000087300000, 0x0000000087300000, 0x0000000087400000|  0%| F|  |TAMS 0x0000000087300000, 0x0000000087300000| Untracked 
| 104|0x0000000087400000, 0x0000000087400000, 0x0000000087500000|  0%| F|  |TAMS 0x0000000087400000, 0x0000000087400000| Untracked 
| 105|0x0000000087500000, 0x0000000087500000, 0x0000000087600000|  0%| F|  |TAMS 0x0000000087500000, 0x0000000087500000| Untracked 
| 106|0x0000000087600000, 0x0000000087600000, 0x0000000087700000|  0%| F|  |TAMS 0x0000000087600000, 0x0000000087600000| Untracked 
| 107|0x0000000087700000, 0x0000000087700000, 0x0000000087800000|  0%| F|  |TAMS 0x0000000087700000, 0x0000000087700000| Untracked 
| 108|0x0000000087800000, 0x0000000087800000, 0x0000000087900000|  0%| F|  |TAMS 0x0000000087800000, 0x0000000087800000| Untracked 
| 109|0x0000000087900000, 0x0000000087900000, 0x0000000087a00000|  0%| F|  |TAMS 0x0000000087900000, 0x0000000087900000| Untracked 
| 110|0x0000000087a00000, 0x0000000087a00000, 0x0000000087b00000|  0%| F|  |TAMS 0x0000000087a00000, 0x0000000087a00000| Untracked 
| 111|0x0000000087b00000, 0x0000000087b00000, 0x0000000087c00000|  0%| F|  |TAMS 0x0000000087b00000, 0x0000000087b00000| Untracked 
| 112|0x0000000087c00000, 0x0000000087c00000, 0x0000000087d00000|  0%| F|  |TAMS 0x0000000087c00000, 0x0000000087c00000| Untracked 
| 113|0x0000000087d00000, 0x0000000087d00000, 0x0000000087e00000|  0%| F|  |TAMS 0x0000000087d00000, 0x0000000087d00000| Untracked 
| 114|0x0000000087e00000, 0x0000000087e00000, 0x0000000087f00000|  0%| F|  |TAMS 0x0000000087e00000, 0x0000000087e00000| Untracked 
| 115|0x0000000087f00000, 0x0000000087f00000, 0x0000000088000000|  0%| F|  |TAMS 0x0000000087f00000, 0x0000000087f00000| Untracked 
| 116|0x0000000088000000, 0x0000000088000000, 0x0000000088100000|  0%| F|  |TAMS 0x0000000088000000, 0x0000000088000000| Untracked 
| 117|0x0000000088100000, 0x0000000088100000, 0x0000000088200000|  0%| F|  |TAMS 0x0000000088100000, 0x0000000088100000| Untracked 
| 118|0x0000000088200000, 0x0000000088200000, 0x0000000088300000|  0%| F|  |TAMS 0x0000000088200000, 0x0000000088200000| Untracked 
| 119|0x0000000088300000, 0x0000000088300000, 0x0000000088400000|  0%| F|  |TAMS 0x0000000088300000, 0x0000000088300000| Untracked 
| 120|0x0000000088400000, 0x0000000088400000, 0x0000000088500000|  0%| F|  |TAMS 0x0000000088400000, 0x0000000088400000| Untracked 
| 121|0x0000000088500000, 0x0000000088500000, 0x0000000088600000|  0%| F|  |TAMS 0x0000000088500000, 0x0000000088500000| Untracked 
| 122|0x0000000088600000, 0x0000000088684b00, 0x0000000088700000| 51%| S|CS|TAMS 0x0000000088600000, 0x0000000088600000| Complete 
| 123|0x0000000088700000, 0x0000000088800000, 0x0000000088800000|100%| S|CS|TAMS 0x0000000088700000, 0x0000000088700000| Complete 
| 124|0x0000000088800000, 0x0000000088900000, 0x0000000088900000|100%| S|CS|TAMS 0x0000000088800000, 0x0000000088800000| Complete 
| 125|0x0000000088900000, 0x0000000088900000, 0x0000000088a00000|  0%| F|  |TAMS 0x0000000088900000, 0x0000000088900000| Untracked 
| 126|0x0000000088a00000, 0x0000000088a00000, 0x0000000088b00000|  0%| F|  |TAMS 0x0000000088a00000, 0x0000000088a00000| Untracked 
| 127|0x0000000088b00000, 0x0000000088b00000, 0x0000000088c00000|  0%| F|  |TAMS 0x0000000088b00000, 0x0000000088b00000| Untracked 

Card table byte_map: [0x00000207a7300000,0x00000207a7700000] _byte_map_base: 0x00000207a6efa000

Marking Bits (Prev, Next): (CMBitMap*) 0x0000020790914eb0, (CMBitMap*) 0x0000020790914e78
 Prev Bits: [0x00000207a9ad0000, 0x00000207abaa0000)
 Next Bits: [0x00000207a7b00000, 0x00000207a9ad0000)

Polling page: 0x000002078e880000

Metaspace:

Usage:
  Non-class:     18.74 MB capacity,    18.51 MB ( 99%) used,   192.16 KB (  1%) free+waste,    46.38 KB ( <1%) overhead. 
      Class:      2.48 MB capacity,     2.27 MB ( 92%) used,   192.12 KB (  8%) free+waste,    23.50 KB ( <1%) overhead. 
       Both:     21.22 MB capacity,    20.78 MB ( 98%) used,   384.28 KB (  2%) free+waste,    69.88 KB ( <1%) overhead. 

Virtual space:
  Non-class space:       36.00 MB reserved,      18.75 MB ( 52%) committed 
      Class space:        1.00 GB reserved,       2.50 MB ( <1%) committed 
             Both:        1.04 GB reserved,      21.25 MB (  2%) committed 

Chunk freelists:
   Non-Class:  1.00 KB
       Class:  2.75 KB
        Both:  3.75 KB

CodeHeap 'non-profiled nmethods': size=120064Kb used=529Kb max_used=529Kb free=119534Kb
 bounds [0x000002079f9c0000, 0x000002079fc30000, 0x00000207a6f00000]
CodeHeap 'profiled nmethods': size=120000Kb used=3077Kb max_used=3077Kb free=116922Kb
 bounds [0x0000020798490000, 0x00000207987a0000, 0x000002079f9c0000]
CodeHeap 'non-nmethods': size=5696Kb used=1145Kb max_used=1170Kb free=4551Kb
 bounds [0x0000020797f00000, 0x0000020798170000, 0x0000020798490000]
 total_blobs=2081 nmethods=1603 adapters=390
 compilation: enabled
              stopped_count=0, restarted_count=0
 full_count=0

Compilation events (10 events):
Event: 1.435 Thread 0x00000207adfcd800 1599       3       sun.security.provider.SHA2::implCompress0 (322 bytes)
Event: 1.435 Thread 0x00000207adfcd800 nmethod 1599 0x000002079878f890 code [0x000002079878fb00, 0x00000207987908d8]
Event: 1.435 Thread 0x00000207adfcd800 1600       1       java.net.InetAddress::holder (5 bytes)
Event: 1.435 Thread 0x00000207adfcd800 nmethod 1600 0x000002079fa43410 code [0x000002079fa435a0, 0x000002079fa43658]
Event: 1.436 Thread 0x00000207adfcd800 1601       1       java.util.concurrent.locks.AbstractQueuedSynchronizer::getState (5 bytes)
Event: 1.436 Thread 0x00000207adfcd800 nmethod 1601 0x000002079fa43710 code [0x000002079fa438a0, 0x000002079fa43958]
Event: 1.438 Thread 0x00000207afdea000 1602       4       java.util.jar.Manifest$FastInputStream::readLine (296 bytes)
Event: 1.440 Thread 0x00000207adfcd800 1603       3       jdk.internal.misc.Unsafe::getAndAddInt (27 bytes)
Event: 1.440 Thread 0x00000207adfcd800 nmethod 1603 0x0000020798791010 code [0x00000207987911c0, 0x00000207987913f8]
Event: 1.444 Thread 0x00000207afdea000 nmethod 1602 0x000002079fa43a10 code [0x000002079fa43bc0, 0x000002079fa44218]

GC Heap History (8 events):
Event: 0.898 GC heap before
{Heap before GC invocations=0 (full 0):
 garbage-first heap   total 131072K, used 14336K [0x0000000080c00000, 0x0000000100000000)
  region size 1024K, 14 young (14336K), 0 survivors (0K)
 Metaspace       used 12699K, capacity 12960K, committed 13184K, reserved 1060864K
  class space    used 1268K, capacity 1376K, committed 1408K, reserved 1048576K
}
Event: 0.905 GC heap after
{Heap after GC invocations=1 (full 0):
 garbage-first heap   total 131072K, used 4123K [0x0000000080c00000, 0x0000000100000000)
  region size 1024K, 2 young (2048K), 2 survivors (2048K)
 Metaspace       used 12699K, capacity 12960K, committed 13184K, reserved 1060864K
  class space    used 1268K, capacity 1376K, committed 1408K, reserved 1048576K
}
Event: 1.115 GC heap before
{Heap before GC invocations=1 (full 0):
 garbage-first heap   total 131072K, used 14363K [0x0000000080c00000, 0x0000000100000000)
  region size 1024K, 12 young (12288K), 2 survivors (2048K)
 Metaspace       used 14866K, capacity 15237K, committed 15360K, reserved 1062912K
  class space    used 1575K, capacity 1740K, committed 1792K, reserved 1048576K
}
Event: 1.117 GC heap after
{Heap after GC invocations=2 (full 0):
 garbage-first heap   total 131072K, used 4603K [0x0000000080c00000, 0x0000000100000000)
  region size 1024K, 1 young (1024K), 1 survivors (1024K)
 Metaspace       used 14866K, capacity 15237K, committed 15360K, reserved 1062912K
  class space    used 1575K, capacity 1740K, committed 1792K, reserved 1048576K
}
Event: 1.418 GC heap before
{Heap before GC invocations=2 (full 0):
 garbage-first heap   total 131072K, used 26107K [0x0000000080c00000, 0x0000000100000000)
  region size 1024K, 23 young (23552K), 1 survivors (1024K)
 Metaspace       used 20445K, capacity 20822K, committed 20864K, reserved 1077248K
  class space    used 2225K, capacity 2405K, committed 2432K, reserved 1048576K
}
Event: 1.421 GC heap after
{Heap after GC invocations=3 (full 0):
 garbage-first heap   total 131072K, used 6726K [0x0000000080c00000, 0x0000000100000000)
  region size 1024K, 3 young (3072K), 3 survivors (3072K)
 Metaspace       used 20445K, capacity 20822K, committed 20864K, reserved 1077248K
  class space    used 2225K, capacity 2405K, committed 2432K, reserved 1048576K
}
Event: 1.452 GC heap before
{Heap before GC invocations=4 (full 0):
 garbage-first heap   total 131072K, used 8774K [0x0000000080c00000, 0x0000000100000000)
  region size 1024K, 6 young (6144K), 3 survivors (3072K)
 Metaspace       used 21275K, capacity 21730K, committed 21760K, reserved 1083392K
  class space    used 2322K, capacity 2538K, committed 2560K, reserved 1048576K
}
Event: 1.454 GC heap after
{Heap after GC invocations=5 (full 0):
 garbage-first heap   total 131072K, used 7088K [0x0000000080c00000, 0x0000000100000000)
  region size 1024K, 3 young (3072K), 3 survivors (3072K)
 Metaspace       used 21275K, capacity 21730K, committed 21760K, reserved 1083392K
  class space    used 2322K, capacity 2538K, committed 2560K, reserved 1048576K
}

Deoptimization events (10 events):
Event: 0.257 Thread 0x00000207908d8000 Uncommon trap: reason=unstable_if action=reinterpret pc=0x000002079f9c1570 method=java.lang.String.isLatin1()Z @ 10 c2
Event: 0.314 Thread 0x00000207908d8000 Uncommon trap: reason=unstable_if action=reinterpret pc=0x000002079f9cd4e0 method=java.util.HashMap.putVal(ILjava/lang/Object;Ljava/lang/Object;ZZ)Ljava/lang/Object; @ 181 c2
Event: 0.362 Thread 0x00000207908d8000 Uncommon trap: reason=unstable_if action=reinterpret pc=0x000002079f9d6690 method=java.util.zip.ZipFile$Source.isMetaName([BII)Z @ 43 c2
Event: 0.439 Thread 0x00000207908d8000 Uncommon trap: reason=bimorphic_or_optimized_type_check action=maybe_recompile pc=0x000002079f9e30b0 method=java.util.HashMap.getNode(ILjava/lang/Object;)Ljava/util/HashMap$Node; @ 59 c2
Event: 0.551 Thread 0x00000207908d8000 Uncommon trap: reason=unstable_if action=reinterpret pc=0x000002079f9d8860 method=java.io.WinNTFileSystem.isSlash(C)Z @ 9 c2
Event: 0.552 Thread 0x00000207908d8000 Uncommon trap: reason=bimorphic_or_optimized_type_check action=maybe_recompile pc=0x000002079f9e30b0 method=java.util.HashMap.getNode(ILjava/lang/Object;)Ljava/util/HashMap$Node; @ 59 c2
Event: 0.830 Thread 0x00000207908d8000 Uncommon trap: reason=bimorphic_or_optimized_type_check action=maybe_recompile pc=0x000002079f9e30b0 method=java.util.HashMap.getNode(ILjava/lang/Object;)Ljava/util/HashMap$Node; @ 59 c2
Event: 0.830 Thread 0x00000207908d8000 Uncommon trap: reason=bimorphic_or_optimized_type_check action=maybe_recompile pc=0x000002079f9e30b0 method=java.util.HashMap.getNode(ILjava/lang/Object;)Ljava/util/HashMap$Node; @ 59 c2
Event: 1.231 Thread 0x00000207908d8000 Uncommon trap: reason=bimorphic_or_optimized_type_check action=maybe_recompile pc=0x000002079f9f9d90 method=java.util.HashMap.getNode(ILjava/lang/Object;)Ljava/util/HashMap$Node; @ 126 c2
Event: 1.231 Thread 0x00000207908d8000 Uncommon trap: reason=bimorphic_or_optimized_type_check action=maybe_recompile pc=0x000002079f9f9d90 method=java.util.HashMap.getNode(ILjava/lang/Object;)Ljava/util/HashMap$Node; @ 126 c2

Classes redefined (0 events):
No events

Internal exceptions (10 events):
Event: 0.923 Thread 0x00000207908d8000 Exception <a 'java/lang/NoSuchMethodError'{0x0000000088b5f1a0}: java.lang.invoke.DirectMethodHandle$Holder.invokeSpecial(Ljava/lang/Object;Ljava/lang/Object;Ljava/lang/Object;Ljava/lang/Object;)V> (0x0000000088b5f1a0) thrown at [./open/src/hotspot/share/i
Event: 0.936 Thread 0x00000207908d8000 Exception <a 'java/lang/NoSuchMethodError'{0x0000000088a49690}: java.lang.invoke.DirectMethodHandle$Holder.invokeInterface(Ljava/lang/Object;Ljava/lang/Object;)V> (0x0000000088a49690) thrown at [./open/src/hotspot/share/interpreter/linkResolver.cpp, line 
Event: 1.096 Thread 0x00000207908d8000 Exception <a 'java/lang/NoSuchMethodError'{0x00000000883fee68}: java.lang.invoke.DirectMethodHandle$Holder.invokeStaticInit(Ljava/lang/Object;Ljava/lang/Object;)V> (0x00000000883fee68) thrown at [./open/src/hotspot/share/interpreter/linkResolver.cpp, line
Event: 1.137 Thread 0x00000207908d8000 Exception <a 'java/lang/NoClassDefFoundError'{0x0000000088913118}> (0x0000000088913118) thrown at [./open/src/hotspot/share/oops/instanceKlass.cpp, line 1024]
Event: 1.138 Thread 0x00000207908d8000 Exception <a 'java/lang/NoClassDefFoundError'{0x000000008892cc20}: org/apache/logging/log4j/spi/ExtendedLoggerWrapper> (0x000000008892cc20) thrown at [./open/src/hotspot/share/classfile/systemDictionary.cpp, line 216]
Event: 1.139 Thread 0x00000207908d8000 Exception <a 'java/lang/NoClassDefFoundError'{0x0000000088944d48}: org/apache/log4j/Priority> (0x0000000088944d48) thrown at [./open/src/hotspot/share/classfile/systemDictionary.cpp, line 216]
Event: 1.185 Thread 0x00000207908d8000 Exception <a 'java/lang/NoSuchMethodError'{0x0000000088568750}: java.lang.invoke.DirectMethodHandle$Holder.invokeStaticInit(Ljava/lang/Object;Ljava/lang/Object;Ljava/lang/Object;)Ljava/lang/Object;> (0x0000000088568750) thrown at [./open/src/hotspot/share
Event: 1.191 Thread 0x00000207908d8000 Exception <a 'java/lang/NoSuchMethodError'{0x0000000088589388}: java.lang.invoke.DirectMethodHandle$Holder.invokeSpecialIFC(Ljava/lang/Object;Ljava/lang/Object;I)I> (0x0000000088589388) thrown at [./open/src/hotspot/share/interpreter/linkResolver.cpp, lin
Event: 1.244 Thread 0x00000207908d8000 Exception <a 'sun/nio/fs/WindowsException'{0x0000000087f43798}> (0x0000000087f43798) thrown at [./open/src/hotspot/share/prims/jni.cpp, line 611]
Event: 1.251 Thread 0x00000207908d8000 Exception <a 'java/lang/NoSuchMethodError'{0x0000000087f62eb0}: java.lang.invoke.DirectMethodHandle$Holder.invokeStaticInit(Ljava/lang/Object;Ljava/lang/Object;Ljava/lang/Object;Ljava/lang/Object;)I> (0x0000000087f62eb0) thrown at [./open/src/hotspot/shar

Events (10 events):
Event: 1.450 loading class io/netty/buffer/SimpleLeakAwareCompositeByteBuf done
Event: 1.450 loading class io/netty/buffer/WrappedCompositeByteBuf
Event: 1.450 loading class io/netty/buffer/WrappedCompositeByteBuf done
Event: 1.451 loading class io/netty/buffer/AdvancedLeakAwareCompositeByteBuf
Event: 1.451 loading class io/netty/buffer/AdvancedLeakAwareCompositeByteBuf done
Event: 1.451 loading class io/netty/buffer/PooledByteBuf
Event: 1.451 loading class io/netty/buffer/PooledByteBuf done
Event: 1.452 loading class io/netty/buffer/UnpooledHeapByteBuf
Event: 1.452 loading class io/netty/buffer/UnpooledHeapByteBuf done
Event: 1.452 Executing VM operation: CollectForMetadataAllocation


Dynamic libraries:
0x00007ff744090000 - 0x00007ff74409f000 	C:\Program Files\Java\jdk-11.0.13\bin\java.exe
0x00007ff8ab770000 - 0x00007ff8ab965000 	C:\Windows\SYSTEM32\ntdll.dll
0x00007ff8aad10000 - 0x00007ff8aadcd000 	C:\Windows\System32\KERNEL32.DLL
0x00007ff8a9030000 - 0x00007ff8a92fd000 	C:\Windows\System32\KERNELBASE.dll
0x00007ff8a8eb0000 - 0x00007ff8a8fb0000 	C:\Windows\System32\ucrtbase.dll
0x00007ff8950a0000 - 0x00007ff8950b8000 	C:\Program Files\Java\jdk-11.0.13\bin\jli.dll
0x00007ff8ab380000 - 0x00007ff8ab42e000 	C:\Windows\System32\ADVAPI32.dll
0x00007ff8aa380000 - 0x00007ff8aa41e000 	C:\Windows\System32\msvcrt.dll
0x00007ff8aac70000 - 0x00007ff8aad0c000 	C:\Windows\System32\sechost.dll
0x00007ff8aa0b0000 - 0x00007ff8aa1d5000 	C:\Windows\System32\RPCRT4.dll
0x00007ff8aa920000 - 0x00007ff8aaac0000 	C:\Windows\System32\USER32.dll
0x00007ff8a9000000 - 0x00007ff8a9022000 	C:\Windows\System32\win32u.dll
0x00007ff8a9880000 - 0x00007ff8a98aa000 	C:\Windows\System32\GDI32.dll
0x00007ff8a9500000 - 0x00007ff8a960b000 	C:\Windows\System32\gdi32full.dll
0x00007ff8a9460000 - 0x00007ff8a94fd000 	C:\Windows\System32\msvcp_win.dll
0x00007ff8a4880000 - 0x00007ff8a4895000 	C:\Program Files\Java\jdk-11.0.13\bin\VCRUNTIME140.dll
0x00007ff896ab0000 - 0x00007ff896d4a000 	C:\Windows\WinSxS\amd64_microsoft.windows.common-controls_6595b64144ccf1df_6.0.19041.1110_none_60b5254171f9507e\COMCTL32.dll
0x00007ff8a7c80000 - 0x00007ff8a7c8a000 	C:\Windows\SYSTEM32\VERSION.dll
0x00007ff8ab230000 - 0x00007ff8ab260000 	C:\Windows\System32\IMM32.DLL
0x00007ff87af80000 - 0x00007ff87b01b000 	C:\Program Files\Java\jdk-11.0.13\bin\msvcp140.dll
0x00007ff86bbf0000 - 0x00007ff86c703000 	C:\Program Files\Java\jdk-11.0.13\bin\server\jvm.dll
0x00007ff8aa910000 - 0x00007ff8aa918000 	C:\Windows\System32\PSAPI.DLL
0x00007ff895450000 - 0x00007ff895459000 	C:\Windows\SYSTEM32\WSOCK32.dll
0x00007ff8aa420000 - 0x00007ff8aa48b000 	C:\Windows\System32\WS2_32.dll
0x00007ff89bc90000 - 0x00007ff89bcb7000 	C:\Windows\SYSTEM32\WINMM.dll
0x00007ff8a7c30000 - 0x00007ff8a7c42000 	C:\Windows\SYSTEM32\kernel.appcore.dll
0x00007ff8a47c0000 - 0x00007ff8a47d0000 	C:\Program Files\Java\jdk-11.0.13\bin\verify.dll
0x00007ff8933c0000 - 0x00007ff8935a4000 	C:\Windows\SYSTEM32\DBGHELP.DLL
0x00007ff895320000 - 0x00007ff89534c000 	C:\Windows\SYSTEM32\dbgcore.DLL
0x00007ff8a96c0000 - 0x00007ff8a9742000 	C:\Windows\System32\bcryptPrimitives.dll
0x00007ff886780000 - 0x00007ff8867a8000 	C:\Program Files\Java\jdk-11.0.13\bin\java.dll
0x00007ff8a4780000 - 0x00007ff8a478a000 	C:\Program Files\Java\jdk-11.0.13\bin\jimage.dll
0x00007ff8a27f0000 - 0x00007ff8a27fe000 	C:\Program Files\Java\jdk-11.0.13\bin\instrument.dll
0x00007ff893fd0000 - 0x00007ff893fe6000 	C:\Program Files\Java\jdk-11.0.13\bin\zip.dll
0x00007ff8a98b0000 - 0x00007ff8a9ff4000 	C:\Windows\System32\SHELL32.dll
0x00007ff8a6dc0000 - 0x00007ff8a7554000 	C:\Windows\SYSTEM32\windows.storage.dll
0x00007ff8aaed0000 - 0x00007ff8ab224000 	C:\Windows\System32\combase.dll
0x00007ff8a88e0000 - 0x00007ff8a890c000 	C:\Windows\SYSTEM32\Wldp.dll
0x00007ff8aa000000 - 0x00007ff8aa0ad000 	C:\Windows\System32\SHCORE.dll
0x00007ff8a97c0000 - 0x00007ff8a9815000 	C:\Windows\System32\shlwapi.dll
0x00007ff8a8dc0000 - 0x00007ff8a8ddf000 	C:\Windows\SYSTEM32\profapi.dll
0x00007ff881f20000 - 0x00007ff881f39000 	C:\Program Files\Java\jdk-11.0.13\bin\net.dll
0x00007ff8a2fb0000 - 0x00007ff8a30ba000 	C:\Windows\SYSTEM32\WINHTTP.dll
0x00007ff8a8640000 - 0x00007ff8a86aa000 	C:\Windows\system32\mswsock.dll
0x00007ff881f00000 - 0x00007ff881f12000 	C:\Program Files\Java\jdk-11.0.13\bin\nio.dll
0x00007ff8a0700000 - 0x00007ff8a071a000 	C:\Program Files\JetBrains\IntelliJ IDEA Community Edition 2021.3.3\bin\breakgen64.dll
0x00007ff8a8840000 - 0x00007ff8a8858000 	C:\Windows\SYSTEM32\CRYPTSP.dll
0x00007ff8a7f50000 - 0x00007ff8a7f84000 	C:\Windows\system32\rsaenh.dll
0x00007ff8a8e80000 - 0x00007ff8a8ea7000 	C:\Windows\System32\bcrypt.dll
0x00007ff8a8d40000 - 0x00007ff8a8d6e000 	C:\Windows\SYSTEM32\USERENV.dll
0x00007ff8a8830000 - 0x00007ff8a883c000 	C:\Windows\SYSTEM32\CRYPTBASE.dll
0x00007ff8a82e0000 - 0x00007ff8a831b000 	C:\Windows\SYSTEM32\IPHLPAPI.DLL
0x00007ff8aaec0000 - 0x00007ff8aaec8000 	C:\Windows\System32\NSI.dll
0x00007ff8a3370000 - 0x00007ff8a3387000 	C:\Windows\SYSTEM32\dhcpcsvc6.DLL
0x00007ff8a3740000 - 0x00007ff8a375d000 	C:\Windows\SYSTEM32\dhcpcsvc.DLL
0x00007ff8a8320000 - 0x00007ff8a83eb000 	C:\Windows\SYSTEM32\DNSAPI.dll
0x00007ff897230000 - 0x00007ff89723a000 	C:\Windows\System32\rasadhlp.dll
0x00007ff8980c0000 - 0x00007ff898140000 	C:\Windows\System32\fwpuclnt.dll
0x00007ff8a4710000 - 0x00007ff8a4719000 	C:\Program Files\Java\jdk-11.0.13\bin\management.dll
0x00007ff8a4140000 - 0x00007ff8a414b000 	C:\Program Files\Java\jdk-11.0.13\bin\management_ext.dll
0x00007ff8a06d0000 - 0x00007ff8a06f5000 	C:\Program Files\Java\jdk-11.0.13\bin\sunec.dll

dbghelp: loaded successfully - version: 4.0.5 - missing functions: none
symbol engine: initialized successfully - sym options: 0x614 - pdb path: .;C:\Program Files\Java\jdk-11.0.13\bin;C:\Windows\SYSTEM32;C:\Windows\WinSxS\amd64_microsoft.windows.common-controls_6595b64144ccf1df_6.0.19041.1110_none_60b5254171f9507e;C:\Program Files\Java\jdk-11.0.13\bin\server;C:\Program Files\JetBrains\IntelliJ IDEA Community Edition 2021.3.3\bin

VM Arguments:
jvm_args: -ea -Didea.test.cyclic.buffer.size=1048576 -javaagent:C:\Program Files\JetBrains\IntelliJ IDEA Community Edition 2021.3.3\lib\idea_rt.jar=59926:C:\Program Files\JetBrains\IntelliJ IDEA Community Edition 2021.3.3\bin -Dfile.encoding=UTF-8 
java_command: com.intellij.rt.testng.RemoteTestNGStarter -usedefaultlisteners false -socket59925 @w@C:\Users\Admin\AppData\Local\Temp\idea_working_dirs_testng.tmp -temp C:\Users\Admin\AppData\Local\Temp\idea_testng.tmp
java_class_path (initial): C:\Program Files\JetBrains\IntelliJ IDEA Community Edition 2021.3.3\lib\idea_rt.jar;C:\Program Files\JetBrains\IntelliJ IDEA Community Edition 2021.3.3\plugins\testng\lib\testng-rt.jar;C:\Users\Admin\IdeaProjects\DayDemo5\target\classes;C:\Users\Admin\.m2\repository\org\testng\testng\7.5\testng-7.5.jar;C:\Users\Admin\.m2\repository\com\google\code\findbugs\jsr305\3.0.1\jsr305-3.0.1.jar;C:\Users\Admin\.m2\repository\org\slf4j\slf4j-api\1.7.32\slf4j-api-1.7.32.jar;C:\Users\Admin\.m2\repository\com\beust\jcommander\1.78\jcommander-1.78.jar;C:\Users\Admin\.m2\repository\org\webjars\jquery\3.5.1\jquery-3.5.1.jar;C:\Users\Admin\.m2\repository\org\seleniumhq\selenium\selenium-java\4.1.4\selenium-java-4.1.4.jar;C:\Users\Admin\.m2\repository\org\seleniumhq\selenium\selenium-api\4.1.4\selenium-api-4.1.4.jar;C:\Users\Admin\.m2\repository\org\seleniumhq\selenium\selenium-chrome-driver\4.1.4\selenium-chrome-driver-4.1.4.jar;C:\Users\Admin\.m2\repository\com\google\auto\service\auto-service-annotations\1.0.1\auto-service-annotations-1.0.1.jar;C:\Users\Admin\.m2\repository\com\google\auto\service\auto-service\1.0.1\auto-service-1.0.1.jar;C:\Users\Admin\.m2\repository\com\google\auto\auto-common\1.2\auto-common-1.2.jar;C:\Users\Admin\.m2\repository\com\google\guava\guava\31.1-jre\guava-31.1-jre.jar;C:\Users\Admin\.m2\repository\com\google\guava\failureaccess\1.0.1\failureaccess-1.0.1.jar;C:\Users\Admin\.m2\repository\com\google\guava\listenablefuture\9999.0-empty-to-avoid-conflict-with-guava\listenablefuture-9999.0-empty-to-avoid-conflict-with-guava.jar;C:\Users\Admin\.m2\repository\org\checkerframework\checker-qual\3.12.0\checker-qual-3.12.0.jar;C:\Users\Admin\.m2\repository\com\google\errorprone\error_prone_annotations\2.11.0\error_prone_annotations-2.11.0.jar;C:\Users\Admin\.m2\repository\com\google\j2objc\j2objc-annotations\1.3\j2objc-annotations-1.3.jar;C:\Users\Admin\.m2\repository\org\seleniumhq\selenium\selenium-chromium-driver\4.1.4\selenium-ch
Launcher Type: SUN_STANDARD

[Global flags]
     intx CICompilerCount                          = 3                                         {product} {ergonomic}
     uint ConcGCThreads                            = 1                                         {product} {ergonomic}
     uint G1ConcRefinementThreads                  = 4                                         {product} {ergonomic}
   size_t G1HeapRegionSize                         = 1048576                                   {product} {ergonomic}
    uintx GCDrainStackTargetSize                   = 64                                        {product} {ergonomic}
   size_t InitialHeapSize                          = 134217728                                 {product} {ergonomic}
   size_t MarkStackSize                            = 4194304                                   {product} {ergonomic}
   size_t MaxHeapSize                              = 2134900736                                {product} {ergonomic}
   size_t MaxNewSize                               = 1280311296                                {product} {ergonomic}
   size_t MinHeapDeltaBytes                        = 1048576                                   {product} {ergonomic}
    uintx NonNMethodCodeHeapSize                   = 5830732                                {pd product} {ergonomic}
    uintx NonProfiledCodeHeapSize                  = 122913754                              {pd product} {ergonomic}
    uintx ProfiledCodeHeapSize                     = 122913754                              {pd product} {ergonomic}
    uintx ReservedCodeCacheSize                    = 251658240                              {pd product} {ergonomic}
     bool SegmentedCodeCache                       = true                                      {product} {ergonomic}
     bool UseCompressedClassPointers               = true                                 {lp64_product} {ergonomic}
     bool UseCompressedOops                        = true                                 {lp64_product} {ergonomic}
     bool UseG1GC                                  = true                                      {product} {ergonomic}
     bool UseLargePagesIndividualAllocation        = false                                  {pd product} {ergonomic}

Logging:
Log output configuration:
 #0: stdout all=warning uptime,level,tags
 #1: stderr all=off uptime,level,tags

Environment Variables:
JAVA_HOME=C:\Program Files\Java\jdk-11.0.13
PATH=C:\Program Files\Microsoft MPI\Bin\;C:\Program Files\Common Files\Oracle\Java\javapath;C:\Program Files (x86)\Common Files\Oracle\Java\javapath;C:\Windows\system32;C:\Windows;C:\Windows\System32\Wbem;C:\Windows\System32\WindowsPowerShell\v1.0\;C:\Windows\System32\OpenSSH\;C:\Program Files\dotnet\;C:\Program Files (x86)\dotnet\;C:\Program Files\Microsoft SQL Server\Client SDK\ODBC\170\Tools\Binn\;C:\Program Files (x86)\Microsoft SQL Server\150\Tools\Binn\;C:\Program Files\Microsoft SQL Server\150\Tools\Binn\;C:\Program Files\Microsoft SQL Server\150\DTS\Binn\;C:\Program Files (x86)\Microsoft SQL Server\150\DTS\Binn\;C:\Program Files\Azure Data Studio\bin;C:\Program Files\Java\jdk-11.0.13\bin;C:\Program Files\Java\apache-maven-3.8.1\bin;C:\Program Files\TortoiseSVN\bin;C:\Program Files\Git\cmd;C:\Program Files\Microsoft SQL Server\Client SDK\ODBC\130\Tools\Binn\;C:\Program Files (x86)\Microsoft SQL Server\140\Tools\Binn\;C:\Program Files\Microsoft SQL Server\140\Tools\Binn\;C:\Program Files\Microsoft SQL Server\140\DTS\Binn\;C:\Program Files (x86)\Microsoft SQL Server\140\DTS\Binn\;C:\Program Files\MySQL\MySQL Shell 8.0\bin\;C:\Users\Admin\AppData\Local\Microsoft\WindowsApps;;C:\Program Files\Azure Data Studio\bin;C:\Users\Admin\AppData\Local\Programs\Microsoft VS Code\bin;C:\Program Files\JetBrains\IntelliJ IDEA Community Edition 2021.3.3\bin;
USERNAME=Admin
OS=Windows_NT
PROCESSOR_IDENTIFIER=Intel64 Family 6 Model 158 Stepping 11, GenuineIntel



---------------  S Y S T E M  ---------------

OS: Windows 10 , 64 bit Build 19041 (10.0.19041.1706)

CPU:total 4 (initial active 4) (4 cores per cpu, 1 threads per core) family 6 model 158 stepping 11 microcode 0xb4, cmov, cx8, fxsr, mmx, sse, sse2, sse3, ssse3, sse4.1, sse4.2, popcnt, avx, avx2, aes, clmul, erms, 3dnowpref, lzcnt, tsc, tscinvbit, bmi1, bmi2, adx, fma

Memory: 4k page, system-wide physical 8137M (620M free)
TotalPageFile size 32713M (AvailPageFile size 5M)
current process WorkingSet (physical memory assigned to process): 96M, peak: 96M
current process commit charge ("private bytes"): 227M, peak: 228M

vm_info: Java HotSpot(TM) 64-Bit Server VM (11.0.13+10-LTS-370) for windows-amd64 JRE (11.0.13+10-LTS-370), built on Sep 15 2021 22:10:36 by "mach5one" with MS VC++ 15.9 (VS2017)

END.
